{
	"/workspaces/sveltekit-test/svelte.config.js": {
		"path": "/workspaces/sveltekit-test/svelte.config.js",
		"all": true,
		"statementMap": {
			"0": { "start": { "line": 1, "column": 0 }, "end": { "line": 1, "column": 45 } },
			"1": { "start": { "line": 2, "column": 0 }, "end": { "line": 2, "column": 62 } },
			"3": { "start": { "line": 4, "column": 0 }, "end": { "line": 4, "column": 45 } },
			"4": { "start": { "line": 5, "column": 0 }, "end": { "line": 5, "column": 16 } },
			"5": { "start": { "line": 6, "column": 0 }, "end": { "line": 6, "column": 52 } },
			"6": { "start": { "line": 7, "column": 0 }, "end": { "line": 7, "column": 44 } },
			"7": { "start": { "line": 8, "column": 0 }, "end": { "line": 8, "column": 30 } },
			"9": { "start": { "line": 10, "column": 0 }, "end": { "line": 10, "column": 7 } },
			"10": { "start": { "line": 11, "column": 0 }, "end": { "line": 11, "column": 107 } },
			"11": { "start": { "line": 12, "column": 0 }, "end": { "line": 12, "column": 108 } },
			"12": { "start": { "line": 13, "column": 0 }, "end": { "line": 13, "column": 82 } },
			"13": { "start": { "line": 14, "column": 0 }, "end": { "line": 14, "column": 20 } },
			"14": { "start": { "line": 15, "column": 0 }, "end": { "line": 15, "column": 2 } },
			"15": { "start": { "line": 16, "column": 0 }, "end": { "line": 16, "column": 2 } },
			"17": { "start": { "line": 18, "column": 0 }, "end": { "line": 18, "column": 22 } }
		},
		"s": {
			"0": 0,
			"1": 0,
			"3": 0,
			"4": 0,
			"5": 0,
			"6": 0,
			"7": 0,
			"9": 0,
			"10": 0,
			"11": 0,
			"12": 0,
			"13": 0,
			"14": 0,
			"15": 0,
			"17": 0
		},
		"branchMap": {
			"0": {
				"type": "branch",
				"line": 1,
				"loc": { "start": { "line": 1, "column": 661 }, "end": { "line": 18, "column": 22 } },
				"locations": [
					{ "start": { "line": 1, "column": 661 }, "end": { "line": 18, "column": 22 } }
				]
			}
		},
		"b": { "0": [0] },
		"fnMap": {
			"0": {
				"name": "(empty-report)",
				"decl": { "start": { "line": 1, "column": 661 }, "end": { "line": 18, "column": 22 } },
				"loc": { "start": { "line": 1, "column": 661 }, "end": { "line": 18, "column": 22 } },
				"line": 1
			}
		},
		"f": { "0": 0 }
	},
	"/workspaces/sveltekit-test/src/lib/index.ts": {
		"path": "/workspaces/sveltekit-test/src/lib/index.ts",
		"all": true,
		"statementMap": {},
		"s": {},
		"branchMap": {
			"0": {
				"type": "branch",
				"line": 1,
				"loc": { "start": { "line": 1, "column": 74 }, "end": { "line": 1, "column": 74 } },
				"locations": [{ "start": { "line": 1, "column": 74 }, "end": { "line": 1, "column": 74 } }]
			}
		},
		"b": { "0": [1] },
		"fnMap": {
			"0": {
				"name": "(empty-report)",
				"decl": { "start": { "line": 1, "column": 74 }, "end": { "line": 1, "column": 74 } },
				"loc": { "start": { "line": 1, "column": 74 }, "end": { "line": 1, "column": 74 } },
				"line": 1
			}
		},
		"f": { "0": 1 }
	},
	"/workspaces/sveltekit-test/src/lib/localSearchModule.ts": {
		"path": "/workspaces/sveltekit-test/src/lib/localSearchModule.ts",
		"all": false,
		"statementMap": {
			"0": { "start": { "line": 1, "column": 0 }, "end": { "line": 1, "column": 85 } },
			"10": { "start": { "line": 11, "column": 0 }, "end": { "line": 11, "column": 87 } },
			"12": { "start": { "line": 13, "column": 0 }, "end": { "line": 13, "column": 39 } },
			"20": { "start": { "line": 21, "column": 0 }, "end": { "line": 21, "column": 65 } },
			"21": { "start": { "line": 22, "column": 0 }, "end": { "line": 22, "column": 27 } },
			"22": { "start": { "line": 23, "column": 0 }, "end": { "line": 23, "column": 29 } },
			"25": { "start": { "line": 26, "column": 0 }, "end": { "line": 26, "column": 22 } },
			"26": { "start": { "line": 27, "column": 0 }, "end": { "line": 27, "column": 21 } },
			"29": { "start": { "line": 30, "column": 0 }, "end": { "line": 30, "column": 32 } },
			"32": { "start": { "line": 33, "column": 0 }, "end": { "line": 33, "column": 70 } },
			"35": { "start": { "line": 36, "column": 0 }, "end": { "line": 36, "column": 39 } },
			"38": { "start": { "line": 39, "column": 0 }, "end": { "line": 39, "column": 33 } },
			"39": { "start": { "line": 40, "column": 0 }, "end": { "line": 40, "column": 61 } },
			"42": { "start": { "line": 43, "column": 0 }, "end": { "line": 43, "column": 59 } },
			"45": { "start": { "line": 46, "column": 0 }, "end": { "line": 46, "column": 70 } },
			"48": { "start": { "line": 49, "column": 0 }, "end": { "line": 49, "column": 37 } },
			"51": { "start": { "line": 52, "column": 0 }, "end": { "line": 52, "column": 25 } },
			"53": { "start": { "line": 54, "column": 0 }, "end": { "line": 54, "column": 40 } },
			"56": { "start": { "line": 57, "column": 0 }, "end": { "line": 57, "column": 34 } },
			"57": { "start": { "line": 58, "column": 0 }, "end": { "line": 58, "column": 62 } },
			"60": { "start": { "line": 61, "column": 0 }, "end": { "line": 61, "column": 39 } },
			"61": { "start": { "line": 62, "column": 0 }, "end": { "line": 62, "column": 2 } },
			"64": { "start": { "line": 65, "column": 0 }, "end": { "line": 65, "column": 55 } },
			"67": { "start": { "line": 68, "column": 0 }, "end": { "line": 68, "column": 51 } },
			"71": { "start": { "line": 72, "column": 0 }, "end": { "line": 72, "column": 71 } },
			"73": { "start": { "line": 74, "column": 0 }, "end": { "line": 74, "column": 24 } },
			"74": { "start": { "line": 75, "column": 0 }, "end": { "line": 75, "column": 1 } },
			"79": { "start": { "line": 80, "column": 0 }, "end": { "line": 80, "column": 54 } },
			"80": { "start": { "line": 81, "column": 0 }, "end": { "line": 81, "column": 54 } },
			"81": { "start": { "line": 82, "column": 0 }, "end": { "line": 82, "column": 1 } },
			"89": { "start": { "line": 90, "column": 0 }, "end": { "line": 90, "column": 73 } },
			"90": { "start": { "line": 91, "column": 0 }, "end": { "line": 91, "column": 26 } },
			"91": { "start": { "line": 92, "column": 0 }, "end": { "line": 92, "column": 26 } },
			"94": { "start": { "line": 95, "column": 0 }, "end": { "line": 95, "column": 43 } },
			"95": { "start": { "line": 96, "column": 0 }, "end": { "line": 96, "column": 13 } },
			"96": { "start": { "line": 97, "column": 0 }, "end": { "line": 97, "column": 41 } },
			"99": { "start": { "line": 100, "column": 0 }, "end": { "line": 100, "column": 34 } },
			"100": { "start": { "line": 101, "column": 0 }, "end": { "line": 101, "column": 19 } },
			"101": { "start": { "line": 102, "column": 0 }, "end": { "line": 102, "column": 2 } },
			"103": { "start": { "line": 104, "column": 0 }, "end": { "line": 104, "column": 34 } },
			"104": { "start": { "line": 105, "column": 0 }, "end": { "line": 105, "column": 19 } },
			"105": { "start": { "line": 106, "column": 0 }, "end": { "line": 106, "column": 2 } },
			"108": { "start": { "line": 109, "column": 0 }, "end": { "line": 109, "column": 34 } },
			"109": { "start": { "line": 110, "column": 0 }, "end": { "line": 110, "column": 35 } },
			"110": { "start": { "line": 111, "column": 0 }, "end": { "line": 111, "column": 52 } },
			"112": { "start": { "line": 113, "column": 0 }, "end": { "line": 113, "column": 27 } },
			"113": { "start": { "line": 114, "column": 0 }, "end": { "line": 114, "column": 37 } },
			"114": { "start": { "line": 115, "column": 0 }, "end": { "line": 115, "column": 38 } },
			"115": { "start": { "line": 116, "column": 0 }, "end": { "line": 116, "column": 47 } },
			"116": { "start": { "line": 117, "column": 0 }, "end": { "line": 117, "column": 5 } },
			"117": { "start": { "line": 118, "column": 0 }, "end": { "line": 118, "column": 3 } },
			"118": { "start": { "line": 119, "column": 0 }, "end": { "line": 119, "column": 2 } },
			"120": { "start": { "line": 121, "column": 0 }, "end": { "line": 121, "column": 27 } },
			"121": { "start": { "line": 122, "column": 0 }, "end": { "line": 122, "column": 1 } },
			"128": { "start": { "line": 129, "column": 0 }, "end": { "line": 129, "column": 93 } },
			"130": { "start": { "line": 131, "column": 0 }, "end": { "line": 131, "column": 14 } },
			"131": { "start": { "line": 132, "column": 0 }, "end": { "line": 132, "column": 52 } },
			"132": { "start": { "line": 133, "column": 0 }, "end": { "line": 133, "column": 2 } },
			"134": { "start": { "line": 135, "column": 0 }, "end": { "line": 135, "column": 22 } },
			"136": { "start": { "line": 137, "column": 0 }, "end": { "line": 137, "column": 24 } },
			"137": { "start": { "line": 138, "column": 0 }, "end": { "line": 138, "column": 70 } },
			"138": { "start": { "line": 139, "column": 0 }, "end": { "line": 139, "column": 2 } },
			"141": { "start": { "line": 142, "column": 0 }, "end": { "line": 142, "column": 38 } },
			"142": { "start": { "line": 143, "column": 0 }, "end": { "line": 143, "column": 45 } },
			"144": { "start": { "line": 145, "column": 0 }, "end": { "line": 145, "column": 79 } },
			"145": { "start": { "line": 146, "column": 0 }, "end": { "line": 146, "column": 49 } },
			"146": { "start": { "line": 147, "column": 0 }, "end": { "line": 147, "column": 31 } },
			"147": { "start": { "line": 148, "column": 0 }, "end": { "line": 148, "column": 2 } },
			"149": { "start": { "line": 150, "column": 0 }, "end": { "line": 150, "column": 6 } },
			"151": { "start": { "line": 152, "column": 0 }, "end": { "line": 152, "column": 63 } },
			"153": { "start": { "line": 154, "column": 0 }, "end": { "line": 154, "column": 54 } },
			"156": { "start": { "line": 157, "column": 0 }, "end": { "line": 157, "column": 75 } },
			"159": { "start": { "line": 160, "column": 0 }, "end": { "line": 160, "column": 89 } },
			"162": { "start": { "line": 163, "column": 0 }, "end": { "line": 163, "column": 21 } },
			"163": { "start": { "line": 164, "column": 0 }, "end": { "line": 164, "column": 48 } },
			"164": { "start": { "line": 165, "column": 0 }, "end": { "line": 165, "column": 53 } },
			"165": { "start": { "line": 166, "column": 0 }, "end": { "line": 166, "column": 57 } },
			"168": { "start": { "line": 169, "column": 0 }, "end": { "line": 169, "column": 20 } },
			"169": { "start": { "line": 170, "column": 0 }, "end": { "line": 170, "column": 23 } },
			"170": { "start": { "line": 171, "column": 0 }, "end": { "line": 171, "column": 80 } },
			"171": { "start": { "line": 172, "column": 0 }, "end": { "line": 172, "column": 35 } },
			"172": { "start": { "line": 173, "column": 0 }, "end": { "line": 173, "column": 4 } },
			"175": { "start": { "line": 176, "column": 0 }, "end": { "line": 176, "column": 21 } },
			"176": { "start": { "line": 177, "column": 0 }, "end": { "line": 177, "column": 85 } },
			"177": { "start": { "line": 178, "column": 0 }, "end": { "line": 178, "column": 56 } },
			"179": { "start": { "line": 180, "column": 0 }, "end": { "line": 180, "column": 11 } },
			"180": { "start": { "line": 181, "column": 0 }, "end": { "line": 181, "column": 13 } },
			"181": { "start": { "line": 182, "column": 0 }, "end": { "line": 182, "column": 21 } },
			"182": { "start": { "line": 183, "column": 0 }, "end": { "line": 183, "column": 5 } },
			"183": { "start": { "line": 184, "column": 0 }, "end": { "line": 184, "column": 5 } },
			"186": { "start": { "line": 187, "column": 0 }, "end": { "line": 187, "column": 48 } },
			"190": { "start": { "line": 191, "column": 0 }, "end": { "line": 191, "column": 59 } },
			"191": { "start": { "line": 192, "column": 0 }, "end": { "line": 192, "column": 49 } },
			"192": { "start": { "line": 193, "column": 0 }, "end": { "line": 193, "column": 33 } },
			"195": { "start": { "line": 196, "column": 0 }, "end": { "line": 196, "column": 63 } },
			"196": { "start": { "line": 197, "column": 0 }, "end": { "line": 197, "column": 5 } },
			"199": { "start": { "line": 200, "column": 0 }, "end": { "line": 200, "column": 43 } },
			"200": { "start": { "line": 201, "column": 0 }, "end": { "line": 201, "column": 37 } },
			"201": { "start": { "line": 202, "column": 0 }, "end": { "line": 202, "column": 51 } },
			"202": { "start": { "line": 203, "column": 0 }, "end": { "line": 203, "column": 35 } },
			"203": { "start": { "line": 204, "column": 0 }, "end": { "line": 204, "column": 29 } },
			"204": { "start": { "line": 205, "column": 0 }, "end": { "line": 205, "column": 6 } },
			"205": { "start": { "line": 206, "column": 0 }, "end": { "line": 206, "column": 8 } },
			"208": { "start": { "line": 209, "column": 0 }, "end": { "line": 209, "column": 97 } },
			"211": { "start": { "line": 212, "column": 0 }, "end": { "line": 212, "column": 25 } },
			"212": { "start": { "line": 213, "column": 0 }, "end": { "line": 213, "column": 31 } },
			"213": { "start": { "line": 214, "column": 0 }, "end": { "line": 214, "column": 23 } },
			"214": { "start": { "line": 215, "column": 0 }, "end": { "line": 215, "column": 38 } },
			"216": { "start": { "line": 217, "column": 0 }, "end": { "line": 217, "column": 46 } },
			"219": { "start": { "line": 220, "column": 0 }, "end": { "line": 220, "column": 29 } },
			"220": { "start": { "line": 221, "column": 0 }, "end": { "line": 221, "column": 68 } },
			"221": { "start": { "line": 222, "column": 0 }, "end": { "line": 222, "column": 36 } },
			"222": { "start": { "line": 223, "column": 0 }, "end": { "line": 223, "column": 64 } },
			"223": { "start": { "line": 224, "column": 0 }, "end": { "line": 224, "column": 14 } },
			"224": { "start": { "line": 225, "column": 0 }, "end": { "line": 225, "column": 71 } },
			"225": { "start": { "line": 226, "column": 0 }, "end": { "line": 226, "column": 7 } },
			"226": { "start": { "line": 227, "column": 0 }, "end": { "line": 227, "column": 8 } },
			"229": { "start": { "line": 230, "column": 0 }, "end": { "line": 230, "column": 33 } },
			"230": { "start": { "line": 231, "column": 0 }, "end": { "line": 231, "column": 20 } },
			"231": { "start": { "line": 232, "column": 0 }, "end": { "line": 232, "column": 34 } },
			"232": { "start": { "line": 233, "column": 0 }, "end": { "line": 233, "column": 48 } },
			"233": { "start": { "line": 234, "column": 0 }, "end": { "line": 234, "column": 48 } },
			"236": { "start": { "line": 237, "column": 0 }, "end": { "line": 237, "column": 24 } },
			"238": { "start": { "line": 239, "column": 0 }, "end": { "line": 239, "column": 50 } },
			"239": { "start": { "line": 240, "column": 0 }, "end": { "line": 240, "column": 50 } },
			"241": { "start": { "line": 242, "column": 0 }, "end": { "line": 242, "column": 58 } },
			"242": { "start": { "line": 243, "column": 0 }, "end": { "line": 243, "column": 57 } },
			"245": { "start": { "line": 246, "column": 0 }, "end": { "line": 246, "column": 88 } },
			"246": { "start": { "line": 247, "column": 0 }, "end": { "line": 247, "column": 88 } },
			"248": { "start": { "line": 249, "column": 0 }, "end": { "line": 249, "column": 66 } },
			"249": { "start": { "line": 250, "column": 0 }, "end": { "line": 250, "column": 65 } },
			"250": { "start": { "line": 251, "column": 0 }, "end": { "line": 251, "column": 5 } },
			"253": { "start": { "line": 254, "column": 0 }, "end": { "line": 254, "column": 30 } },
			"254": { "start": { "line": 255, "column": 0 }, "end": { "line": 255, "column": 30 } },
			"255": { "start": { "line": 256, "column": 0 }, "end": { "line": 256, "column": 5 } },
			"258": { "start": { "line": 259, "column": 0 }, "end": { "line": 259, "column": 57 } },
			"259": { "start": { "line": 260, "column": 0 }, "end": { "line": 260, "column": 5 } },
			"260": { "start": { "line": 261, "column": 0 }, "end": { "line": 261, "column": 65 } },
			"261": { "start": { "line": 262, "column": 0 }, "end": { "line": 262, "column": 42 } },
			"264": { "start": { "line": 265, "column": 0 }, "end": { "line": 265, "column": 27 } },
			"265": { "start": { "line": 266, "column": 0 }, "end": { "line": 266, "column": 25 } },
			"266": { "start": { "line": 267, "column": 0 }, "end": { "line": 267, "column": 10 } },
			"267": { "start": { "line": 268, "column": 0 }, "end": { "line": 268, "column": 4 } },
			"269": { "start": { "line": 270, "column": 0 }, "end": { "line": 270, "column": 17 } },
			"270": { "start": { "line": 271, "column": 0 }, "end": { "line": 271, "column": 18 } },
			"271": { "start": { "line": 272, "column": 0 }, "end": { "line": 272, "column": 46 } },
			"272": { "start": { "line": 273, "column": 0 }, "end": { "line": 273, "column": 75 } },
			"273": { "start": { "line": 274, "column": 0 }, "end": { "line": 274, "column": 2 } },
			"274": { "start": { "line": 275, "column": 0 }, "end": { "line": 275, "column": 1 } },
			"281": { "start": { "line": 282, "column": 0 }, "end": { "line": 282, "column": 92 } },
			"283": { "start": { "line": 284, "column": 0 }, "end": { "line": 284, "column": 31 } },
			"284": { "start": { "line": 285, "column": 0 }, "end": { "line": 285, "column": 1 } }
		},
		"s": {
			"0": 1,
			"10": 1,
			"12": 1,
			"20": 1,
			"21": 92,
			"22": 92,
			"25": 92,
			"26": 92,
			"29": 92,
			"32": 92,
			"35": 92,
			"38": 85,
			"39": 92,
			"42": 92,
			"45": 92,
			"48": 92,
			"51": 92,
			"53": 0,
			"56": 0,
			"57": 0,
			"60": 0,
			"61": 0,
			"64": 60,
			"67": 60,
			"71": 60,
			"73": 60,
			"74": 60,
			"79": 1,
			"80": 151,
			"81": 151,
			"89": 1,
			"90": 63,
			"91": 63,
			"94": 63,
			"95": 63,
			"96": 63,
			"99": 63,
			"100": 501,
			"101": 501,
			"103": 63,
			"104": 263,
			"105": 263,
			"108": 63,
			"109": 438,
			"110": 1402,
			"112": 1402,
			"113": 1402,
			"114": 1402,
			"115": 1402,
			"116": 1402,
			"117": 1402,
			"118": 438,
			"120": 63,
			"121": 63,
			"128": 3,
			"130": 3,
			"131": 1,
			"132": 1,
			"134": 2,
			"136": 3,
			"137": 1,
			"138": 1,
			"141": 1,
			"142": 1,
			"144": 3,
			"145": 0,
			"146": 0,
			"147": 0,
			"149": 1,
			"151": 1,
			"153": 27,
			"156": 27,
			"159": 27,
			"162": 27,
			"163": 27,
			"164": 25,
			"165": 13,
			"168": 27,
			"169": 27,
			"170": 27,
			"171": 27,
			"172": 27,
			"175": 27,
			"176": 27,
			"177": 27,
			"179": 27,
			"180": 27,
			"181": 27,
			"182": 27,
			"183": 1,
			"186": 1,
			"190": 1,
			"191": 27,
			"192": 27,
			"195": 27,
			"196": 1,
			"199": 1,
			"200": 1,
			"201": 27,
			"202": 27,
			"203": 27,
			"204": 1,
			"205": 0,
			"208": 3,
			"211": 3,
			"212": 3,
			"213": 1,
			"214": 0,
			"216": 0,
			"219": 0,
			"220": 0,
			"221": 0,
			"222": 0,
			"223": 0,
			"224": 0,
			"225": 0,
			"226": 0,
			"229": 3,
			"230": 3,
			"231": 1,
			"232": 1,
			"233": 1,
			"236": 1,
			"238": 0,
			"239": 0,
			"241": 0,
			"242": 0,
			"245": 0,
			"246": 0,
			"248": 0,
			"249": 0,
			"250": 0,
			"253": 1,
			"254": 1,
			"255": 1,
			"258": 0,
			"259": 3,
			"260": 3,
			"261": 3,
			"264": 3,
			"265": 3,
			"266": 3,
			"267": 3,
			"269": 3,
			"270": 3,
			"271": 0,
			"272": 0,
			"273": 0,
			"274": 3,
			"281": 0,
			"283": 0,
			"284": 0
		},
		"branchMap": {
			"0": {
				"type": "branch",
				"line": 21,
				"loc": { "start": { "line": 21, "column": 7 }, "end": { "line": 75, "column": 1 } },
				"locations": [{ "start": { "line": 21, "column": 7 }, "end": { "line": 75, "column": 1 } }]
			},
			"1": {
				"type": "branch",
				"line": 26,
				"loc": { "start": { "line": 26, "column": 13 }, "end": { "line": 26, "column": 22 } },
				"locations": [
					{ "start": { "line": 26, "column": 13 }, "end": { "line": 26, "column": 22 } }
				]
			},
			"2": {
				"type": "branch",
				"line": 27,
				"loc": { "start": { "line": 27, "column": 12 }, "end": { "line": 27, "column": 21 } },
				"locations": [
					{ "start": { "line": 27, "column": 12 }, "end": { "line": 27, "column": 21 } }
				]
			},
			"3": {
				"type": "branch",
				"line": 30,
				"loc": { "start": { "line": 30, "column": 21 }, "end": { "line": 30, "column": 32 } },
				"locations": [
					{ "start": { "line": 30, "column": 21 }, "end": { "line": 30, "column": 32 } }
				]
			},
			"4": {
				"type": "branch",
				"line": 30,
				"loc": { "start": { "line": 30, "column": 28 }, "end": { "line": 33, "column": 67 } },
				"locations": [
					{ "start": { "line": 30, "column": 28 }, "end": { "line": 33, "column": 67 } }
				]
			},
			"5": {
				"type": "branch",
				"line": 33,
				"loc": { "start": { "line": 33, "column": 60 }, "end": { "line": 33, "column": 70 } },
				"locations": [
					{ "start": { "line": 33, "column": 60 }, "end": { "line": 33, "column": 70 } }
				]
			},
			"6": {
				"type": "branch",
				"line": 33,
				"loc": { "start": { "line": 33, "column": 67 }, "end": { "line": 36, "column": 36 } },
				"locations": [
					{ "start": { "line": 33, "column": 67 }, "end": { "line": 36, "column": 36 } }
				]
			},
			"7": {
				"type": "branch",
				"line": 36,
				"loc": { "start": { "line": 36, "column": 29 }, "end": { "line": 36, "column": 39 } },
				"locations": [
					{ "start": { "line": 36, "column": 29 }, "end": { "line": 36, "column": 39 } }
				]
			},
			"8": {
				"type": "branch",
				"line": 36,
				"loc": { "start": { "line": 36, "column": 36 }, "end": { "line": 40, "column": 58 } },
				"locations": [
					{ "start": { "line": 36, "column": 36 }, "end": { "line": 40, "column": 58 } }
				]
			},
			"9": {
				"type": "branch",
				"line": 40,
				"loc": { "start": { "line": 40, "column": 51 }, "end": { "line": 40, "column": 61 } },
				"locations": [
					{ "start": { "line": 40, "column": 51 }, "end": { "line": 40, "column": 61 } }
				]
			},
			"10": {
				"type": "branch",
				"line": 40,
				"loc": { "start": { "line": 40, "column": 58 }, "end": { "line": 43, "column": 56 } },
				"locations": [
					{ "start": { "line": 40, "column": 58 }, "end": { "line": 43, "column": 56 } }
				]
			},
			"11": {
				"type": "branch",
				"line": 43,
				"loc": { "start": { "line": 43, "column": 49 }, "end": { "line": 43, "column": 59 } },
				"locations": [
					{ "start": { "line": 43, "column": 49 }, "end": { "line": 43, "column": 59 } }
				]
			},
			"12": {
				"type": "branch",
				"line": 43,
				"loc": { "start": { "line": 43, "column": 56 }, "end": { "line": 46, "column": 67 } },
				"locations": [
					{ "start": { "line": 43, "column": 56 }, "end": { "line": 46, "column": 67 } }
				]
			},
			"13": {
				"type": "branch",
				"line": 46,
				"loc": { "start": { "line": 46, "column": 60 }, "end": { "line": 46, "column": 70 } },
				"locations": [
					{ "start": { "line": 46, "column": 60 }, "end": { "line": 46, "column": 70 } }
				]
			},
			"14": {
				"type": "branch",
				"line": 46,
				"loc": { "start": { "line": 46, "column": 67 }, "end": { "line": 49, "column": 34 } },
				"locations": [
					{ "start": { "line": 46, "column": 67 }, "end": { "line": 49, "column": 34 } }
				]
			},
			"15": {
				"type": "branch",
				"line": 49,
				"loc": { "start": { "line": 49, "column": 27 }, "end": { "line": 49, "column": 37 } },
				"locations": [
					{ "start": { "line": 49, "column": 27 }, "end": { "line": 49, "column": 37 } }
				]
			},
			"16": {
				"type": "branch",
				"line": 49,
				"loc": { "start": { "line": 49, "column": 34 }, "end": { "line": 52, "column": 24 } },
				"locations": [
					{ "start": { "line": 49, "column": 34 }, "end": { "line": 52, "column": 24 } }
				]
			},
			"17": {
				"type": "branch",
				"line": 52,
				"loc": { "start": { "line": 52, "column": 24 }, "end": { "line": 62, "column": 2 } },
				"locations": [{ "start": { "line": 52, "column": 24 }, "end": { "line": 62, "column": 2 } }]
			},
			"18": {
				"type": "branch",
				"line": 62,
				"loc": { "start": { "line": 62, "column": 1 }, "end": { "line": 75, "column": 1 } },
				"locations": [{ "start": { "line": 62, "column": 1 }, "end": { "line": 75, "column": 1 } }]
			},
			"19": {
				"type": "branch",
				"line": 40,
				"loc": { "start": { "line": 40, "column": 16 }, "end": { "line": 40, "column": 48 } },
				"locations": [
					{ "start": { "line": 40, "column": 16 }, "end": { "line": 40, "column": 48 } }
				]
			},
			"20": {
				"type": "branch",
				"line": 43,
				"loc": { "start": { "line": 43, "column": 16 }, "end": { "line": 43, "column": 46 } },
				"locations": [
					{ "start": { "line": 43, "column": 16 }, "end": { "line": 43, "column": 46 } }
				]
			},
			"21": {
				"type": "branch",
				"line": 80,
				"loc": { "start": { "line": 80, "column": 7 }, "end": { "line": 82, "column": 1 } },
				"locations": [{ "start": { "line": 80, "column": 7 }, "end": { "line": 82, "column": 1 } }]
			},
			"22": {
				"type": "branch",
				"line": 90,
				"loc": { "start": { "line": 90, "column": 7 }, "end": { "line": 122, "column": 1 } },
				"locations": [{ "start": { "line": 90, "column": 7 }, "end": { "line": 122, "column": 1 } }]
			},
			"23": {
				"type": "branch",
				"line": 100,
				"loc": { "start": { "line": 100, "column": 33 }, "end": { "line": 102, "column": 2 } },
				"locations": [
					{ "start": { "line": 100, "column": 33 }, "end": { "line": 102, "column": 2 } }
				]
			},
			"24": {
				"type": "branch",
				"line": 104,
				"loc": { "start": { "line": 104, "column": 33 }, "end": { "line": 106, "column": 2 } },
				"locations": [
					{ "start": { "line": 104, "column": 33 }, "end": { "line": 106, "column": 2 } }
				]
			},
			"25": {
				"type": "branch",
				"line": 109,
				"loc": { "start": { "line": 109, "column": 33 }, "end": { "line": 119, "column": 2 } },
				"locations": [
					{ "start": { "line": 109, "column": 33 }, "end": { "line": 119, "column": 2 } }
				]
			},
			"26": {
				"type": "branch",
				"line": 110,
				"loc": { "start": { "line": 110, "column": 34 }, "end": { "line": 118, "column": 3 } },
				"locations": [
					{ "start": { "line": 110, "column": 34 }, "end": { "line": 118, "column": 3 } }
				]
			},
			"27": {
				"type": "branch",
				"line": 111,
				"loc": { "start": { "line": 111, "column": 42 }, "end": { "line": 111, "column": 50 } },
				"locations": [
					{ "start": { "line": 111, "column": 42 }, "end": { "line": 111, "column": 50 } }
				]
			},
			"28": {
				"type": "branch",
				"line": 111,
				"loc": { "start": { "line": 111, "column": 46 }, "end": { "line": 111, "column": 52 } },
				"locations": [
					{ "start": { "line": 111, "column": 46 }, "end": { "line": 111, "column": 52 } }
				]
			},
			"29": {
				"type": "branch",
				"line": 97,
				"loc": { "start": { "line": 97, "column": 7 }, "end": { "line": 97, "column": 39 } },
				"locations": [{ "start": { "line": 97, "column": 7 }, "end": { "line": 97, "column": 39 } }]
			},
			"30": {
				"type": "branch",
				"line": 129,
				"loc": { "start": { "line": 129, "column": 0 }, "end": { "line": 275, "column": 1 } },
				"locations": [
					{ "start": { "line": 129, "column": 0 }, "end": { "line": 275, "column": 1 } }
				]
			},
			"31": {
				"type": "branch",
				"line": 131,
				"loc": { "start": { "line": 131, "column": 13 }, "end": { "line": 133, "column": 2 } },
				"locations": [
					{ "start": { "line": 131, "column": 13 }, "end": { "line": 133, "column": 2 } }
				]
			},
			"32": {
				"type": "branch",
				"line": 133,
				"loc": { "start": { "line": 133, "column": 1 }, "end": { "line": 137, "column": 23 } },
				"locations": [
					{ "start": { "line": 133, "column": 1 }, "end": { "line": 137, "column": 23 } }
				]
			},
			"33": {
				"type": "branch",
				"line": 137,
				"loc": { "start": { "line": 137, "column": 23 }, "end": { "line": 145, "column": 22 } },
				"locations": [
					{ "start": { "line": 137, "column": 23 }, "end": { "line": 145, "column": 22 } }
				]
			},
			"34": {
				"type": "branch",
				"line": 145,
				"loc": { "start": { "line": 145, "column": 5 }, "end": { "line": 145, "column": 78 } },
				"locations": [
					{ "start": { "line": 145, "column": 5 }, "end": { "line": 145, "column": 78 } }
				]
			},
			"35": {
				"type": "branch",
				"line": 145,
				"loc": { "start": { "line": 145, "column": 78 }, "end": { "line": 148, "column": 2 } },
				"locations": [
					{ "start": { "line": 145, "column": 78 }, "end": { "line": 148, "column": 2 } }
				]
			},
			"36": {
				"type": "branch",
				"line": 148,
				"loc": { "start": { "line": 148, "column": 1 }, "end": { "line": 205, "column": 6 } },
				"locations": [
					{ "start": { "line": 148, "column": 1 }, "end": { "line": 205, "column": 6 } }
				]
			},
			"37": {
				"type": "branch",
				"line": 205,
				"loc": { "start": { "line": 205, "column": 5 }, "end": { "line": 206, "column": 8 } },
				"locations": [
					{ "start": { "line": 205, "column": 5 }, "end": { "line": 206, "column": 8 } }
				]
			},
			"38": {
				"type": "branch",
				"line": 209,
				"loc": { "start": { "line": 209, "column": 54 }, "end": { "line": 209, "column": 77 } },
				"locations": [
					{ "start": { "line": 209, "column": 54 }, "end": { "line": 209, "column": 77 } }
				]
			},
			"39": {
				"type": "branch",
				"line": 209,
				"loc": { "start": { "line": 209, "column": 58 }, "end": { "line": 209, "column": 97 } },
				"locations": [
					{ "start": { "line": 209, "column": 58 }, "end": { "line": 209, "column": 97 } }
				]
			},
			"40": {
				"type": "branch",
				"line": 213,
				"loc": { "start": { "line": 213, "column": 30 }, "end": { "line": 214, "column": 23 } },
				"locations": [
					{ "start": { "line": 213, "column": 30 }, "end": { "line": 214, "column": 23 } }
				]
			},
			"41": {
				"type": "branch",
				"line": 214,
				"loc": { "start": { "line": 214, "column": 6 }, "end": { "line": 227, "column": 8 } },
				"locations": [
					{ "start": { "line": 214, "column": 6 }, "end": { "line": 227, "column": 8 } }
				]
			},
			"42": {
				"type": "branch",
				"line": 271,
				"loc": { "start": { "line": 271, "column": 1 }, "end": { "line": 274, "column": 2 } },
				"locations": [
					{ "start": { "line": 271, "column": 1 }, "end": { "line": 274, "column": 2 } }
				]
			},
			"43": {
				"type": "branch",
				"line": 152,
				"loc": { "start": { "line": 152, "column": 48 }, "end": { "line": 184, "column": 3 } },
				"locations": [
					{ "start": { "line": 152, "column": 48 }, "end": { "line": 184, "column": 3 } }
				]
			},
			"44": {
				"type": "branch",
				"line": 160,
				"loc": { "start": { "line": 160, "column": 77 }, "end": { "line": 160, "column": 87 } },
				"locations": [
					{ "start": { "line": 160, "column": 77 }, "end": { "line": 160, "column": 87 } }
				]
			},
			"45": {
				"type": "branch",
				"line": 164,
				"loc": { "start": { "line": 164, "column": 33 }, "end": { "line": 164, "column": 48 } },
				"locations": [
					{ "start": { "line": 164, "column": 33 }, "end": { "line": 164, "column": 48 } }
				]
			},
			"46": {
				"type": "branch",
				"line": 164,
				"loc": { "start": { "line": 164, "column": 45 }, "end": { "line": 166, "column": 57 } },
				"locations": [
					{ "start": { "line": 164, "column": 45 }, "end": { "line": 166, "column": 57 } }
				]
			},
			"47": {
				"type": "branch",
				"line": 165,
				"loc": { "start": { "line": 165, "column": 38 }, "end": { "line": 165, "column": 53 } },
				"locations": [
					{ "start": { "line": 165, "column": 38 }, "end": { "line": 165, "column": 53 } }
				]
			},
			"48": {
				"type": "branch",
				"line": 165,
				"loc": { "start": { "line": 165, "column": 50 }, "end": { "line": 166, "column": 57 } },
				"locations": [
					{ "start": { "line": 165, "column": 50 }, "end": { "line": 166, "column": 57 } }
				]
			},
			"49": {
				"type": "branch",
				"line": 166,
				"loc": { "start": { "line": 166, "column": 42 }, "end": { "line": 166, "column": 57 } },
				"locations": [
					{ "start": { "line": 166, "column": 42 }, "end": { "line": 166, "column": 57 } }
				]
			},
			"50": {
				"type": "branch",
				"line": 172,
				"loc": { "start": { "line": 172, "column": 15 }, "end": { "line": 172, "column": 33 } },
				"locations": [
					{ "start": { "line": 172, "column": 15 }, "end": { "line": 172, "column": 33 } }
				]
			},
			"51": {
				"type": "branch",
				"line": 171,
				"loc": { "start": { "line": 171, "column": 42 }, "end": { "line": 171, "column": 78 } },
				"locations": [
					{ "start": { "line": 171, "column": 42 }, "end": { "line": 171, "column": 78 } }
				]
			},
			"52": {
				"type": "branch",
				"line": 191,
				"loc": { "start": { "line": 191, "column": 48 }, "end": { "line": 197, "column": 3 } },
				"locations": [
					{ "start": { "line": 191, "column": 48 }, "end": { "line": 197, "column": 3 } }
				]
			},
			"53": {
				"type": "branch",
				"line": 196,
				"loc": { "start": { "line": 196, "column": 33 }, "end": { "line": 196, "column": 61 } },
				"locations": [
					{ "start": { "line": 196, "column": 33 }, "end": { "line": 196, "column": 61 } }
				]
			},
			"54": {
				"type": "branch",
				"line": 201,
				"loc": { "start": { "line": 201, "column": 26 }, "end": { "line": 205, "column": 5 } },
				"locations": [
					{ "start": { "line": 201, "column": 26 }, "end": { "line": 205, "column": 5 } }
				]
			},
			"55": {
				"type": "branch",
				"line": 231,
				"loc": { "start": { "line": 231, "column": 9 }, "end": { "line": 260, "column": 4 } },
				"locations": [
					{ "start": { "line": 231, "column": 9 }, "end": { "line": 260, "column": 4 } }
				]
			},
			"56": {
				"type": "branch",
				"line": 237,
				"loc": { "start": { "line": 237, "column": 23 }, "end": { "line": 251, "column": 5 } },
				"locations": [
					{ "start": { "line": 237, "column": 23 }, "end": { "line": 251, "column": 5 } }
				]
			},
			"57": {
				"type": "branch",
				"line": 256,
				"loc": { "start": { "line": 256, "column": 4 }, "end": { "line": 259, "column": 57 } },
				"locations": [
					{ "start": { "line": 256, "column": 4 }, "end": { "line": 259, "column": 57 } }
				]
			},
			"58": {
				"type": "branch",
				"line": 261,
				"loc": { "start": { "line": 261, "column": 8 }, "end": { "line": 261, "column": 31 } },
				"locations": [
					{ "start": { "line": 261, "column": 8 }, "end": { "line": 261, "column": 31 } }
				]
			}
		},
		"b": {
			"0": [92],
			"1": [0],
			"2": [0],
			"3": [1],
			"4": [91],
			"5": [0],
			"6": [91],
			"7": [6],
			"8": [85],
			"9": [25],
			"10": [60],
			"11": [0],
			"12": [60],
			"13": [0],
			"14": [60],
			"15": [0],
			"16": [60],
			"17": [0],
			"18": [60],
			"19": [154],
			"20": [64],
			"21": [151],
			"22": [63],
			"23": [501],
			"24": [263],
			"25": [438],
			"26": [1402],
			"27": [91],
			"28": [1311],
			"29": [501],
			"30": [3],
			"31": [1],
			"32": [2],
			"33": [1],
			"34": [0],
			"35": [0],
			"36": [1],
			"37": [0],
			"38": [1],
			"39": [0],
			"40": [1],
			"41": [0],
			"42": [0],
			"43": [27],
			"44": [0],
			"45": [2],
			"46": [25],
			"47": [12],
			"48": [13],
			"49": [2],
			"50": [0],
			"51": [34],
			"52": [27],
			"53": [31],
			"54": [27],
			"55": [1],
			"56": [0],
			"57": [0],
			"58": [2]
		},
		"fnMap": {
			"0": {
				"name": "fuzzyMatch",
				"decl": { "start": { "line": 21, "column": 7 }, "end": { "line": 75, "column": 1 } },
				"loc": { "start": { "line": 21, "column": 7 }, "end": { "line": 75, "column": 1 } },
				"line": 21
			},
			"1": {
				"name": "escapeRegExp",
				"decl": { "start": { "line": 80, "column": 7 }, "end": { "line": 82, "column": 1 } },
				"loc": { "start": { "line": 80, "column": 7 }, "end": { "line": 82, "column": 1 } },
				"line": 80
			},
			"2": {
				"name": "levenshteinDistance",
				"decl": { "start": { "line": 90, "column": 7 }, "end": { "line": 122, "column": 1 } },
				"loc": { "start": { "line": 90, "column": 7 }, "end": { "line": 122, "column": 1 } },
				"line": 90
			},
			"3": {
				"name": "searchLocations",
				"decl": { "start": { "line": 129, "column": 0 }, "end": { "line": 275, "column": 1 } },
				"loc": { "start": { "line": 129, "column": 0 }, "end": { "line": 275, "column": 1 } },
				"line": 129
			},
			"4": {
				"name": "getSuggestions",
				"decl": { "start": { "line": 282, "column": 0 }, "end": { "line": 285, "column": 1 } },
				"loc": { "start": { "line": 282, "column": 0 }, "end": { "line": 285, "column": 1 } },
				"line": 282
			}
		},
		"f": { "0": 92, "1": 151, "2": 63, "3": 3, "4": 0 }
	},
	"/workspaces/sveltekit-test/src/lib/components/MapComponent.svelte": {
		"path": "/workspaces/sveltekit-test/src/lib/components/MapComponent.svelte",
		"all": true,
		"statementMap": {
			"8": { "start": { "line": 9, "column": 0 }, "end": { "line": 9, "column": 31 } },
			"11": { "start": { "line": 12, "column": 0 }, "end": { "line": 12, "column": 37 } },
			"14": { "start": { "line": 15, "column": 0 }, "end": { "line": 15, "column": 40 } },
			"15": { "start": { "line": 16, "column": 0 }, "end": { "line": 16, "column": 39 } },
			"18": { "start": { "line": 19, "column": 0 }, "end": { "line": 19, "column": 69 } },
			"20": { "start": { "line": 21, "column": 0 }, "end": { "line": 21, "column": 13 } },
			"21": { "start": { "line": 22, "column": 0 }, "end": { "line": 22, "column": 74 } },
			"23": { "start": { "line": 24, "column": 0 }, "end": { "line": 24, "column": 3 } },
			"25": { "start": { "line": 26, "column": 0 }, "end": { "line": 26, "column": 21 } },
			"28": { "start": { "line": 29, "column": 0 }, "end": { "line": 29, "column": 44 } },
			"31": { "start": { "line": 32, "column": 0 }, "end": { "line": 32, "column": 41 } },
			"33": { "start": { "line": 34, "column": 0 }, "end": { "line": 34, "column": 61 } },
			"34": { "start": { "line": 35, "column": 0 }, "end": { "line": 35, "column": 46 } },
			"35": { "start": { "line": 36, "column": 0 }, "end": { "line": 36, "column": 10 } },
			"37": { "start": { "line": 38, "column": 0 }, "end": { "line": 38, "column": 55 } },
			"38": { "start": { "line": 39, "column": 0 }, "end": { "line": 39, "column": 3 } },
			"40": { "start": { "line": 41, "column": 0 }, "end": { "line": 41, "column": 29 } },
			"41": { "start": { "line": 42, "column": 0 }, "end": { "line": 42, "column": 33 } },
			"43": { "start": { "line": 44, "column": 0 }, "end": { "line": 44, "column": 3 } },
			"45": { "start": { "line": 46, "column": 0 }, "end": { "line": 46, "column": 26 } },
			"47": { "start": { "line": 48, "column": 0 }, "end": { "line": 48, "column": 33 } },
			"49": { "start": { "line": 50, "column": 0 }, "end": { "line": 50, "column": 40 } },
			"52": { "start": { "line": 53, "column": 0 }, "end": { "line": 53, "column": 33 } },
			"55": { "start": { "line": 56, "column": 0 }, "end": { "line": 56, "column": 51 } },
			"56": { "start": { "line": 57, "column": 0 }, "end": { "line": 57, "column": 56 } },
			"57": { "start": { "line": 58, "column": 0 }, "end": { "line": 58, "column": 60 } },
			"58": { "start": { "line": 59, "column": 0 }, "end": { "line": 59, "column": 58 } },
			"59": { "start": { "line": 60, "column": 0 }, "end": { "line": 60, "column": 60 } },
			"62": { "start": { "line": 63, "column": 0 }, "end": { "line": 63, "column": 13 } },
			"63": { "start": { "line": 64, "column": 0 }, "end": { "line": 64, "column": 9 } },
			"64": { "start": { "line": 65, "column": 0 }, "end": { "line": 65, "column": 16 } },
			"65": { "start": { "line": 66, "column": 0 }, "end": { "line": 66, "column": 49 } },
			"66": { "start": { "line": 67, "column": 0 }, "end": { "line": 67, "column": 22 } },
			"67": { "start": { "line": 68, "column": 0 }, "end": { "line": 68, "column": 87 } },
			"69": { "start": { "line": 70, "column": 0 }, "end": { "line": 70, "column": 19 } },
			"70": { "start": { "line": 71, "column": 0 }, "end": { "line": 71, "column": 53 } },
			"71": { "start": { "line": 72, "column": 0 }, "end": { "line": 72, "column": 69 } },
			"72": { "start": { "line": 73, "column": 0 }, "end": { "line": 73, "column": 5 } },
			"73": { "start": { "line": 74, "column": 0 }, "end": { "line": 74, "column": 4 } },
			"76": { "start": { "line": 77, "column": 0 }, "end": { "line": 77, "column": 76 } },
			"77": { "start": { "line": 78, "column": 0 }, "end": { "line": 78, "column": 10 } },
			"78": { "start": { "line": 79, "column": 0 }, "end": { "line": 79, "column": 70 } },
			"79": { "start": { "line": 80, "column": 0 }, "end": { "line": 80, "column": 3 } },
			"80": { "start": { "line": 81, "column": 0 }, "end": { "line": 81, "column": 2 } },
			"82": { "start": { "line": 83, "column": 0 }, "end": { "line": 83, "column": 16 } },
			"83": { "start": { "line": 84, "column": 0 }, "end": { "line": 84, "column": 21 } },
			"84": { "start": { "line": 85, "column": 0 }, "end": { "line": 85, "column": 8 } },
			"86": { "start": { "line": 87, "column": 0 }, "end": { "line": 87, "column": 62 } },
			"87": { "start": { "line": 88, "column": 0 }, "end": { "line": 88, "column": 55 } },
			"88": { "start": { "line": 89, "column": 0 }, "end": { "line": 89, "column": 54 } },
			"92": { "start": { "line": 93, "column": 0 }, "end": { "line": 93, "column": 28 } },
			"93": { "start": { "line": 94, "column": 0 }, "end": { "line": 94, "column": 48 } },
			"94": { "start": { "line": 95, "column": 0 }, "end": { "line": 95, "column": 15 } },
			"95": { "start": { "line": 96, "column": 0 }, "end": { "line": 96, "column": 20 } },
			"96": { "start": { "line": 97, "column": 0 }, "end": { "line": 97, "column": 22 } },
			"97": { "start": { "line": 98, "column": 0 }, "end": { "line": 98, "column": 67 } },
			"98": { "start": { "line": 99, "column": 0 }, "end": { "line": 99, "column": 21 } },
			"99": { "start": { "line": 100, "column": 0 }, "end": { "line": 100, "column": 19 } },
			"100": { "start": { "line": 101, "column": 0 }, "end": { "line": 101, "column": 92 } },
			"103": { "start": { "line": 104, "column": 0 }, "end": { "line": 104, "column": 14 } },
			"105": { "start": { "line": 106, "column": 0 }, "end": { "line": 106, "column": 23 } },
			"106": { "start": { "line": 107, "column": 0 }, "end": { "line": 107, "column": 22 } },
			"107": { "start": { "line": 108, "column": 0 }, "end": { "line": 108, "column": 27 } },
			"108": { "start": { "line": 109, "column": 0 }, "end": { "line": 109, "column": 18 } },
			"109": { "start": { "line": 110, "column": 0 }, "end": { "line": 110, "column": 18 } },
			"115": { "start": { "line": 116, "column": 0 }, "end": { "line": 116, "column": 28 } },
			"116": { "start": { "line": 117, "column": 0 }, "end": { "line": 117, "column": 29 } },
			"117": { "start": { "line": 118, "column": 0 }, "end": { "line": 118, "column": 58 } },
			"118": { "start": { "line": 119, "column": 0 }, "end": { "line": 119, "column": 76 } },
			"119": { "start": { "line": 120, "column": 0 }, "end": { "line": 120, "column": 70 } },
			"120": { "start": { "line": 121, "column": 0 }, "end": { "line": 121, "column": 83 } },
			"121": { "start": { "line": 122, "column": 0 }, "end": { "line": 122, "column": 44 } },
			"122": { "start": { "line": 123, "column": 0 }, "end": { "line": 123, "column": 63 } },
			"126": { "start": { "line": 127, "column": 0 }, "end": { "line": 127, "column": 62 } },
			"127": { "start": { "line": 128, "column": 0 }, "end": { "line": 128, "column": 36 } },
			"130": { "start": { "line": 131, "column": 0 }, "end": { "line": 131, "column": 82 } },
			"131": { "start": { "line": 132, "column": 0 }, "end": { "line": 132, "column": 49 } },
			"132": { "start": { "line": 133, "column": 0 }, "end": { "line": 133, "column": 64 } },
			"133": { "start": { "line": 134, "column": 0 }, "end": { "line": 134, "column": 6 } },
			"134": { "start": { "line": 135, "column": 0 }, "end": { "line": 135, "column": 7 } },
			"137": { "start": { "line": 138, "column": 0 }, "end": { "line": 138, "column": 66 } },
			"140": { "start": { "line": 141, "column": 0 }, "end": { "line": 141, "column": 19 } },
			"141": { "start": { "line": 142, "column": 0 }, "end": { "line": 142, "column": 32 } },
			"142": { "start": { "line": 143, "column": 0 }, "end": { "line": 143, "column": 20 } },
			"143": { "start": { "line": 144, "column": 0 }, "end": { "line": 144, "column": 20 } },
			"145": { "start": { "line": 146, "column": 0 }, "end": { "line": 146, "column": 18 } },
			"147": { "start": { "line": 148, "column": 0 }, "end": { "line": 148, "column": 20 } },
			"148": { "start": { "line": 149, "column": 0 }, "end": { "line": 149, "column": 52 } },
			"149": { "start": { "line": 150, "column": 0 }, "end": { "line": 150, "column": 4 } },
			"150": { "start": { "line": 151, "column": 0 }, "end": { "line": 151, "column": 3 } },
			"151": { "start": { "line": 152, "column": 0 }, "end": { "line": 152, "column": 4 } },
			"153": { "start": { "line": 154, "column": 0 }, "end": { "line": 154, "column": 18 } },
			"155": { "start": { "line": 156, "column": 0 }, "end": { "line": 156, "column": 12 } },
			"156": { "start": { "line": 157, "column": 0 }, "end": { "line": 157, "column": 8 } },
			"157": { "start": { "line": 158, "column": 0 }, "end": { "line": 158, "column": 17 } },
			"158": { "start": { "line": 159, "column": 0 }, "end": { "line": 159, "column": 18 } },
			"159": { "start": { "line": 160, "column": 0 }, "end": { "line": 160, "column": 46 } },
			"160": { "start": { "line": 161, "column": 0 }, "end": { "line": 161, "column": 4 } },
			"161": { "start": { "line": 162, "column": 0 }, "end": { "line": 162, "column": 14 } },
			"162": { "start": { "line": 163, "column": 0 }, "end": { "line": 163, "column": 3 } },
			"163": { "start": { "line": 164, "column": 0 }, "end": { "line": 164, "column": 4 } },
			"167": { "start": { "line": 168, "column": 0 }, "end": { "line": 168, "column": 39 } },
			"169": { "start": { "line": 170, "column": 0 }, "end": { "line": 170, "column": 18 } },
			"171": { "start": { "line": 172, "column": 0 }, "end": { "line": 172, "column": 16 } },
			"175": { "start": { "line": 176, "column": 0 }, "end": { "line": 176, "column": 59 } }
		},
		"s": {
			"8": 0,
			"11": 0,
			"14": 0,
			"15": 0,
			"18": 0,
			"20": 0,
			"21": 0,
			"23": 0,
			"25": 0,
			"28": 0,
			"31": 0,
			"33": 0,
			"34": 0,
			"35": 0,
			"37": 0,
			"38": 0,
			"40": 0,
			"41": 0,
			"43": 0,
			"45": 0,
			"47": 0,
			"49": 0,
			"52": 0,
			"55": 0,
			"56": 0,
			"57": 0,
			"58": 0,
			"59": 0,
			"62": 0,
			"63": 0,
			"64": 0,
			"65": 0,
			"66": 0,
			"67": 0,
			"69": 0,
			"70": 0,
			"71": 0,
			"72": 0,
			"73": 0,
			"76": 0,
			"77": 0,
			"78": 0,
			"79": 0,
			"80": 0,
			"82": 0,
			"83": 0,
			"84": 0,
			"86": 0,
			"87": 0,
			"88": 0,
			"92": 0,
			"93": 0,
			"94": 0,
			"95": 0,
			"96": 0,
			"97": 0,
			"98": 0,
			"99": 0,
			"100": 0,
			"103": 0,
			"105": 0,
			"106": 0,
			"107": 0,
			"108": 0,
			"109": 0,
			"115": 0,
			"116": 0,
			"117": 0,
			"118": 0,
			"119": 0,
			"120": 0,
			"121": 0,
			"122": 0,
			"126": 0,
			"127": 0,
			"130": 0,
			"131": 0,
			"132": 0,
			"133": 0,
			"134": 0,
			"137": 0,
			"140": 0,
			"141": 0,
			"142": 0,
			"143": 0,
			"145": 0,
			"147": 0,
			"148": 0,
			"149": 0,
			"150": 0,
			"151": 0,
			"153": 0,
			"155": 0,
			"156": 0,
			"157": 0,
			"158": 0,
			"159": 0,
			"160": 0,
			"161": 0,
			"162": 0,
			"163": 0,
			"167": 0,
			"169": 0,
			"171": 0,
			"175": 0
		},
		"branchMap": {
			"0": {
				"type": "branch",
				"line": 1,
				"loc": { "start": { "line": 1, "column": 5947 }, "end": { "line": 221, "column": 8 } },
				"locations": [
					{ "start": { "line": 1, "column": 5947 }, "end": { "line": 221, "column": 8 } }
				]
			}
		},
		"b": { "0": [1] },
		"fnMap": {
			"0": {
				"name": "(empty-report)",
				"decl": { "start": { "line": 1, "column": 5947 }, "end": { "line": 221, "column": 8 } },
				"loc": { "start": { "line": 1, "column": 5947 }, "end": { "line": 221, "column": 8 } },
				"line": 1
			}
		},
		"f": { "0": 1 }
	},
	"/workspaces/sveltekit-test/src/lib/components/SearchBar.svelte": {
		"path": "/workspaces/sveltekit-test/src/lib/components/SearchBar.svelte",
		"all": true,
		"statementMap": {
			"4": { "start": { "line": 5, "column": 0 }, "end": { "line": 5, "column": 41 } },
			"8": { "start": { "line": 9, "column": 0 }, "end": { "line": 9, "column": 22 } },
			"9": { "start": { "line": 10, "column": 0 }, "end": { "line": 10, "column": 25 } },
			"10": { "start": { "line": 11, "column": 0 }, "end": { "line": 11, "column": 38 } },
			"11": { "start": { "line": 12, "column": 0 }, "end": { "line": 12, "column": 29 } },
			"12": { "start": { "line": 13, "column": 0 }, "end": { "line": 13, "column": 24 } },
			"13": { "start": { "line": 14, "column": 0 }, "end": { "line": 14, "column": 36 } },
			"14": { "start": { "line": 15, "column": 0 }, "end": { "line": 15, "column": 50 } },
			"17": { "start": { "line": 18, "column": 0 }, "end": { "line": 18, "column": 31 } },
			"18": { "start": { "line": 19, "column": 0 }, "end": { "line": 19, "column": 30 } },
			"21": { "start": { "line": 22, "column": 0 }, "end": { "line": 22, "column": 21 } },
			"24": { "start": { "line": 25, "column": 0 }, "end": { "line": 25, "column": 28 } },
			"25": { "start": { "line": 26, "column": 0 }, "end": { "line": 26, "column": 20 } },
			"26": { "start": { "line": 27, "column": 0 }, "end": { "line": 27, "column": 27 } },
			"28": { "start": { "line": 29, "column": 0 }, "end": { "line": 29, "column": 3 } },
			"31": { "start": { "line": 32, "column": 0 }, "end": { "line": 32, "column": 42 } },
			"32": { "start": { "line": 33, "column": 0 }, "end": { "line": 33, "column": 60 } },
			"34": { "start": { "line": 35, "column": 0 }, "end": { "line": 35, "column": 33 } },
			"35": { "start": { "line": 36, "column": 0 }, "end": { "line": 36, "column": 26 } },
			"36": { "start": { "line": 37, "column": 0 }, "end": { "line": 37, "column": 90 } },
			"37": { "start": { "line": 38, "column": 0 }, "end": { "line": 38, "column": 11 } },
			"38": { "start": { "line": 39, "column": 0 }, "end": { "line": 39, "column": 21 } },
			"39": { "start": { "line": 40, "column": 0 }, "end": { "line": 40, "column": 92 } },
			"40": { "start": { "line": 41, "column": 0 }, "end": { "line": 41, "column": 4 } },
			"41": { "start": { "line": 42, "column": 0 }, "end": { "line": 42, "column": 72 } },
			"42": { "start": { "line": 43, "column": 0 }, "end": { "line": 43, "column": 2 } },
			"45": { "start": { "line": 46, "column": 0 }, "end": { "line": 46, "column": 47 } },
			"46": { "start": { "line": 47, "column": 0 }, "end": { "line": 47, "column": 59 } },
			"48": { "start": { "line": 49, "column": 0 }, "end": { "line": 49, "column": 22 } },
			"49": { "start": { "line": 50, "column": 0 }, "end": { "line": 50, "column": 20 } },
			"50": { "start": { "line": 51, "column": 0 }, "end": { "line": 51, "column": 27 } },
			"51": { "start": { "line": 52, "column": 0 }, "end": { "line": 52, "column": 61 } },
			"54": { "start": { "line": 55, "column": 0 }, "end": { "line": 55, "column": 18 } },
			"55": { "start": { "line": 56, "column": 0 }, "end": { "line": 56, "column": 27 } },
			"56": { "start": { "line": 57, "column": 0 }, "end": { "line": 57, "column": 84 } },
			"59": { "start": { "line": 60, "column": 0 }, "end": { "line": 60, "column": 16 } },
			"60": { "start": { "line": 61, "column": 0 }, "end": { "line": 61, "column": 29 } },
			"61": { "start": { "line": 62, "column": 0 }, "end": { "line": 62, "column": 28 } },
			"62": { "start": { "line": 63, "column": 0 }, "end": { "line": 63, "column": 50 } },
			"63": { "start": { "line": 64, "column": 0 }, "end": { "line": 64, "column": 5 } },
			"66": { "start": { "line": 67, "column": 0 }, "end": { "line": 67, "column": 17 } },
			"67": { "start": { "line": 68, "column": 0 }, "end": { "line": 68, "column": 27 } },
			"68": { "start": { "line": 69, "column": 0 }, "end": { "line": 69, "column": 28 } },
			"71": { "start": { "line": 72, "column": 0 }, "end": { "line": 72, "column": 2 } },
			"74": { "start": { "line": 75, "column": 0 }, "end": { "line": 75, "column": 32 } },
			"75": { "start": { "line": 76, "column": 0 }, "end": { "line": 76, "column": 34 } },
			"77": { "start": { "line": 78, "column": 0 }, "end": { "line": 78, "column": 21 } },
			"78": { "start": { "line": 79, "column": 0 }, "end": { "line": 79, "column": 26 } },
			"79": { "start": { "line": 80, "column": 0 }, "end": { "line": 80, "column": 52 } },
			"80": { "start": { "line": 81, "column": 0 }, "end": { "line": 81, "column": 22 } },
			"81": { "start": { "line": 82, "column": 0 }, "end": { "line": 82, "column": 2 } },
			"84": { "start": { "line": 85, "column": 0 }, "end": { "line": 85, "column": 54 } },
			"85": { "start": { "line": 86, "column": 0 }, "end": { "line": 86, "column": 32 } },
			"86": { "start": { "line": 87, "column": 0 }, "end": { "line": 87, "column": 26 } },
			"89": { "start": { "line": 90, "column": 0 }, "end": { "line": 90, "column": 57 } },
			"90": { "start": { "line": 91, "column": 0 }, "end": { "line": 91, "column": 2 } },
			"93": { "start": { "line": 94, "column": 0 }, "end": { "line": 94, "column": 49 } },
			"94": { "start": { "line": 95, "column": 0 }, "end": { "line": 95, "column": 69 } },
			"95": { "start": { "line": 96, "column": 0 }, "end": { "line": 96, "column": 27 } },
			"96": { "start": { "line": 97, "column": 0 }, "end": { "line": 97, "column": 3 } },
			"97": { "start": { "line": 98, "column": 0 }, "end": { "line": 98, "column": 2 } },
			"99": { "start": { "line": 100, "column": 0 }, "end": { "line": 100, "column": 16 } },
			"101": { "start": { "line": 102, "column": 0 }, "end": { "line": 102, "column": 57 } },
			"103": { "start": { "line": 104, "column": 0 }, "end": { "line": 104, "column": 16 } },
			"105": { "start": { "line": 106, "column": 0 }, "end": { "line": 106, "column": 61 } },
			"106": { "start": { "line": 107, "column": 0 }, "end": { "line": 107, "column": 4 } },
			"107": { "start": { "line": 108, "column": 0 }, "end": { "line": 108, "column": 4 } },
			"111": { "start": { "line": 112, "column": 0 }, "end": { "line": 112, "column": 72 } },
			"114": { "start": { "line": 115, "column": 0 }, "end": { "line": 115, "column": 27 } },
			"115": { "start": { "line": 116, "column": 0 }, "end": { "line": 116, "column": 27 } },
			"116": { "start": { "line": 117, "column": 0 }, "end": { "line": 117, "column": 25 } },
			"117": { "start": { "line": 118, "column": 0 }, "end": { "line": 118, "column": 29 } },
			"118": { "start": { "line": 119, "column": 0 }, "end": { "line": 119, "column": 62 } },
			"126": { "start": { "line": 127, "column": 0 }, "end": { "line": 127, "column": 48 } },
			"130": { "start": { "line": 131, "column": 0 }, "end": { "line": 131, "column": 50 } },
			"134": { "start": { "line": 135, "column": 0 }, "end": { "line": 135, "column": 22 } },
			"136": { "start": { "line": 137, "column": 0 }, "end": { "line": 137, "column": 31 } },
			"137": { "start": { "line": 138, "column": 0 }, "end": { "line": 138, "column": 56 } },
			"139": { "start": { "line": 140, "column": 0 }, "end": { "line": 140, "column": 69 } },
			"140": { "start": { "line": 141, "column": 0 }, "end": { "line": 141, "column": 51 } },
			"141": { "start": { "line": 142, "column": 0 }, "end": { "line": 142, "column": 75 } },
			"144": { "start": { "line": 145, "column": 0 }, "end": { "line": 145, "column": 41 } },
			"146": { "start": { "line": 147, "column": 0 }, "end": { "line": 147, "column": 58 } },
			"147": { "start": { "line": 148, "column": 0 }, "end": { "line": 148, "column": 69 } },
			"151": { "start": { "line": 152, "column": 0 }, "end": { "line": 152, "column": 81 } }
		},
		"s": {
			"4": 0,
			"8": 0,
			"9": 0,
			"10": 0,
			"11": 0,
			"12": 0,
			"13": 0,
			"14": 0,
			"17": 0,
			"18": 0,
			"21": 0,
			"24": 0,
			"25": 0,
			"26": 0,
			"28": 0,
			"31": 0,
			"32": 0,
			"34": 0,
			"35": 0,
			"36": 0,
			"37": 0,
			"38": 0,
			"39": 0,
			"40": 0,
			"41": 0,
			"42": 0,
			"45": 0,
			"46": 0,
			"48": 0,
			"49": 0,
			"50": 0,
			"51": 0,
			"54": 0,
			"55": 0,
			"56": 0,
			"59": 0,
			"60": 0,
			"61": 0,
			"62": 0,
			"63": 0,
			"66": 0,
			"67": 0,
			"68": 0,
			"71": 0,
			"74": 0,
			"75": 0,
			"77": 0,
			"78": 0,
			"79": 0,
			"80": 0,
			"81": 0,
			"84": 0,
			"85": 0,
			"86": 0,
			"89": 0,
			"90": 0,
			"93": 0,
			"94": 0,
			"95": 0,
			"96": 0,
			"97": 0,
			"99": 0,
			"101": 0,
			"103": 0,
			"105": 0,
			"106": 0,
			"107": 0,
			"111": 0,
			"114": 0,
			"115": 0,
			"116": 0,
			"117": 0,
			"118": 0,
			"126": 0,
			"130": 0,
			"134": 0,
			"136": 0,
			"137": 0,
			"139": 0,
			"140": 0,
			"141": 0,
			"144": 0,
			"146": 0,
			"147": 0,
			"151": 0
		},
		"branchMap": {
			"0": {
				"type": "branch",
				"line": 1,
				"loc": { "start": { "line": 1, "column": 6056 }, "end": { "line": 262, "column": 8 } },
				"locations": [
					{ "start": { "line": 1, "column": 6056 }, "end": { "line": 262, "column": 8 } }
				]
			}
		},
		"b": { "0": [1] },
		"fnMap": {
			"0": {
				"name": "(empty-report)",
				"decl": { "start": { "line": 1, "column": 6056 }, "end": { "line": 262, "column": 8 } },
				"loc": { "start": { "line": 1, "column": 6056 }, "end": { "line": 262, "column": 8 } },
				"line": 1
			}
		},
		"f": { "0": 1 }
	},
	"/workspaces/sveltekit-test/src/lib/data/manchesterLocations.ts": {
		"path": "/workspaces/sveltekit-test/src/lib/data/manchesterLocations.ts",
		"all": false,
		"statementMap": {
			"16": { "start": { "line": 17, "column": 0 }, "end": { "line": 17, "column": 53 } },
			"18": { "start": { "line": 19, "column": 0 }, "end": { "line": 19, "column": 2 } },
			"19": { "start": { "line": 20, "column": 0 }, "end": { "line": 20, "column": 19 } },
			"20": { "start": { "line": 21, "column": 0 }, "end": { "line": 21, "column": 21 } },
			"21": { "start": { "line": 22, "column": 0 }, "end": { "line": 22, "column": 62 } },
			"22": { "start": { "line": 23, "column": 0 }, "end": { "line": 23, "column": 15 } },
			"23": { "start": { "line": 24, "column": 0 }, "end": { "line": 24, "column": 15 } },
			"24": { "start": { "line": 25, "column": 0 }, "end": { "line": 25, "column": 15 } },
			"25": { "start": { "line": 26, "column": 0 }, "end": { "line": 26, "column": 19 } },
			"26": { "start": { "line": 27, "column": 0 }, "end": { "line": 27, "column": 21 } },
			"27": { "start": { "line": 28, "column": 0 }, "end": { "line": 28, "column": 26 } },
			"28": { "start": { "line": 29, "column": 0 }, "end": { "line": 29, "column": 3 } },
			"29": { "start": { "line": 30, "column": 0 }, "end": { "line": 30, "column": 2 } },
			"30": { "start": { "line": 31, "column": 0 }, "end": { "line": 31, "column": 16 } },
			"31": { "start": { "line": 32, "column": 0 }, "end": { "line": 32, "column": 18 } },
			"32": { "start": { "line": 33, "column": 0 }, "end": { "line": 33, "column": 59 } },
			"33": { "start": { "line": 34, "column": 0 }, "end": { "line": 34, "column": 15 } },
			"34": { "start": { "line": 35, "column": 0 }, "end": { "line": 35, "column": 15 } },
			"35": { "start": { "line": 36, "column": 0 }, "end": { "line": 36, "column": 15 } },
			"36": { "start": { "line": 37, "column": 0 }, "end": { "line": 37, "column": 19 } },
			"37": { "start": { "line": 38, "column": 0 }, "end": { "line": 38, "column": 21 } },
			"38": { "start": { "line": 39, "column": 0 }, "end": { "line": 39, "column": 16 } },
			"39": { "start": { "line": 40, "column": 0 }, "end": { "line": 40, "column": 3 } },
			"40": { "start": { "line": 41, "column": 0 }, "end": { "line": 41, "column": 2 } },
			"41": { "start": { "line": 42, "column": 0 }, "end": { "line": 42, "column": 15 } },
			"42": { "start": { "line": 43, "column": 0 }, "end": { "line": 43, "column": 17 } },
			"43": { "start": { "line": 44, "column": 0 }, "end": { "line": 44, "column": 58 } },
			"44": { "start": { "line": 45, "column": 0 }, "end": { "line": 45, "column": 15 } },
			"45": { "start": { "line": 46, "column": 0 }, "end": { "line": 46, "column": 15 } },
			"46": { "start": { "line": 47, "column": 0 }, "end": { "line": 47, "column": 15 } },
			"47": { "start": { "line": 48, "column": 0 }, "end": { "line": 48, "column": 19 } },
			"48": { "start": { "line": 49, "column": 0 }, "end": { "line": 49, "column": 21 } },
			"49": { "start": { "line": 50, "column": 0 }, "end": { "line": 50, "column": 16 } },
			"50": { "start": { "line": 51, "column": 0 }, "end": { "line": 51, "column": 3 } },
			"51": { "start": { "line": 52, "column": 0 }, "end": { "line": 52, "column": 2 } },
			"52": { "start": { "line": 53, "column": 0 }, "end": { "line": 53, "column": 18 } },
			"53": { "start": { "line": 54, "column": 0 }, "end": { "line": 54, "column": 20 } },
			"54": { "start": { "line": 55, "column": 0 }, "end": { "line": 55, "column": 61 } },
			"55": { "start": { "line": 56, "column": 0 }, "end": { "line": 56, "column": 15 } },
			"56": { "start": { "line": 57, "column": 0 }, "end": { "line": 57, "column": 15 } },
			"57": { "start": { "line": 58, "column": 0 }, "end": { "line": 58, "column": 15 } },
			"58": { "start": { "line": 59, "column": 0 }, "end": { "line": 59, "column": 19 } },
			"59": { "start": { "line": 60, "column": 0 }, "end": { "line": 60, "column": 21 } },
			"60": { "start": { "line": 61, "column": 0 }, "end": { "line": 61, "column": 16 } },
			"61": { "start": { "line": 62, "column": 0 }, "end": { "line": 62, "column": 3 } },
			"62": { "start": { "line": 63, "column": 0 }, "end": { "line": 63, "column": 2 } },
			"63": { "start": { "line": 64, "column": 0 }, "end": { "line": 64, "column": 15 } },
			"64": { "start": { "line": 65, "column": 0 }, "end": { "line": 65, "column": 17 } },
			"65": { "start": { "line": 66, "column": 0 }, "end": { "line": 66, "column": 58 } },
			"66": { "start": { "line": 67, "column": 0 }, "end": { "line": 67, "column": 15 } },
			"67": { "start": { "line": 68, "column": 0 }, "end": { "line": 68, "column": 15 } },
			"68": { "start": { "line": 69, "column": 0 }, "end": { "line": 69, "column": 15 } },
			"69": { "start": { "line": 70, "column": 0 }, "end": { "line": 70, "column": 18 } },
			"70": { "start": { "line": 71, "column": 0 }, "end": { "line": 71, "column": 21 } },
			"71": { "start": { "line": 72, "column": 0 }, "end": { "line": 72, "column": 16 } },
			"72": { "start": { "line": 73, "column": 0 }, "end": { "line": 73, "column": 3 } },
			"73": { "start": { "line": 74, "column": 0 }, "end": { "line": 74, "column": 2 } },
			"74": { "start": { "line": 75, "column": 0 }, "end": { "line": 75, "column": 17 } },
			"75": { "start": { "line": 76, "column": 0 }, "end": { "line": 76, "column": 19 } },
			"76": { "start": { "line": 77, "column": 0 }, "end": { "line": 77, "column": 60 } },
			"77": { "start": { "line": 78, "column": 0 }, "end": { "line": 78, "column": 15 } },
			"78": { "start": { "line": 79, "column": 0 }, "end": { "line": 79, "column": 15 } },
			"79": { "start": { "line": 80, "column": 0 }, "end": { "line": 80, "column": 15 } },
			"80": { "start": { "line": 81, "column": 0 }, "end": { "line": 81, "column": 19 } },
			"81": { "start": { "line": 82, "column": 0 }, "end": { "line": 82, "column": 21 } },
			"82": { "start": { "line": 83, "column": 0 }, "end": { "line": 83, "column": 16 } },
			"83": { "start": { "line": 84, "column": 0 }, "end": { "line": 84, "column": 3 } },
			"84": { "start": { "line": 85, "column": 0 }, "end": { "line": 85, "column": 2 } },
			"85": { "start": { "line": 86, "column": 0 }, "end": { "line": 86, "column": 14 } },
			"86": { "start": { "line": 87, "column": 0 }, "end": { "line": 87, "column": 16 } },
			"87": { "start": { "line": 88, "column": 0 }, "end": { "line": 88, "column": 57 } },
			"88": { "start": { "line": 89, "column": 0 }, "end": { "line": 89, "column": 15 } },
			"89": { "start": { "line": 90, "column": 0 }, "end": { "line": 90, "column": 15 } },
			"90": { "start": { "line": 91, "column": 0 }, "end": { "line": 91, "column": 15 } },
			"91": { "start": { "line": 92, "column": 0 }, "end": { "line": 92, "column": 19 } },
			"92": { "start": { "line": 93, "column": 0 }, "end": { "line": 93, "column": 21 } },
			"93": { "start": { "line": 94, "column": 0 }, "end": { "line": 94, "column": 16 } },
			"94": { "start": { "line": 95, "column": 0 }, "end": { "line": 95, "column": 3 } },
			"95": { "start": { "line": 96, "column": 0 }, "end": { "line": 96, "column": 2 } },
			"96": { "start": { "line": 97, "column": 0 }, "end": { "line": 97, "column": 13 } },
			"97": { "start": { "line": 98, "column": 0 }, "end": { "line": 98, "column": 15 } },
			"98": { "start": { "line": 99, "column": 0 }, "end": { "line": 99, "column": 56 } },
			"99": { "start": { "line": 100, "column": 0 }, "end": { "line": 100, "column": 15 } },
			"100": { "start": { "line": 101, "column": 0 }, "end": { "line": 101, "column": 15 } },
			"101": { "start": { "line": 102, "column": 0 }, "end": { "line": 102, "column": 15 } },
			"102": { "start": { "line": 103, "column": 0 }, "end": { "line": 103, "column": 19 } },
			"103": { "start": { "line": 104, "column": 0 }, "end": { "line": 104, "column": 21 } },
			"104": { "start": { "line": 105, "column": 0 }, "end": { "line": 105, "column": 16 } },
			"105": { "start": { "line": 106, "column": 0 }, "end": { "line": 106, "column": 3 } },
			"106": { "start": { "line": 107, "column": 0 }, "end": { "line": 107, "column": 2 } },
			"107": { "start": { "line": 108, "column": 0 }, "end": { "line": 108, "column": 17 } },
			"108": { "start": { "line": 109, "column": 0 }, "end": { "line": 109, "column": 19 } },
			"109": { "start": { "line": 110, "column": 0 }, "end": { "line": 110, "column": 60 } },
			"110": { "start": { "line": 111, "column": 0 }, "end": { "line": 111, "column": 15 } },
			"111": { "start": { "line": 112, "column": 0 }, "end": { "line": 112, "column": 15 } },
			"112": { "start": { "line": 113, "column": 0 }, "end": { "line": 113, "column": 19 } },
			"113": { "start": { "line": 114, "column": 0 }, "end": { "line": 114, "column": 19 } },
			"114": { "start": { "line": 115, "column": 0 }, "end": { "line": 115, "column": 21 } },
			"115": { "start": { "line": 116, "column": 0 }, "end": { "line": 116, "column": 20 } },
			"116": { "start": { "line": 117, "column": 0 }, "end": { "line": 117, "column": 3 } },
			"117": { "start": { "line": 118, "column": 0 }, "end": { "line": 118, "column": 2 } },
			"118": { "start": { "line": 119, "column": 0 }, "end": { "line": 119, "column": 17 } },
			"119": { "start": { "line": 120, "column": 0 }, "end": { "line": 120, "column": 19 } },
			"120": { "start": { "line": 121, "column": 0 }, "end": { "line": 121, "column": 60 } },
			"121": { "start": { "line": 122, "column": 0 }, "end": { "line": 122, "column": 15 } },
			"122": { "start": { "line": 123, "column": 0 }, "end": { "line": 123, "column": 15 } },
			"123": { "start": { "line": 124, "column": 0 }, "end": { "line": 124, "column": 19 } },
			"124": { "start": { "line": 125, "column": 0 }, "end": { "line": 125, "column": 19 } },
			"125": { "start": { "line": 126, "column": 0 }, "end": { "line": 126, "column": 21 } },
			"126": { "start": { "line": 127, "column": 0 }, "end": { "line": 127, "column": 20 } },
			"127": { "start": { "line": 128, "column": 0 }, "end": { "line": 128, "column": 3 } },
			"130": { "start": { "line": 131, "column": 0 }, "end": { "line": 131, "column": 2 } },
			"131": { "start": { "line": 132, "column": 0 }, "end": { "line": 132, "column": 19 } },
			"132": { "start": { "line": 133, "column": 0 }, "end": { "line": 133, "column": 21 } },
			"133": { "start": { "line": 134, "column": 0 }, "end": { "line": 134, "column": 72 } },
			"134": { "start": { "line": 135, "column": 0 }, "end": { "line": 135, "column": 15 } },
			"135": { "start": { "line": 136, "column": 0 }, "end": { "line": 136, "column": 15 } },
			"136": { "start": { "line": 137, "column": 0 }, "end": { "line": 137, "column": 15 } },
			"137": { "start": { "line": 138, "column": 0 }, "end": { "line": 138, "column": 19 } },
			"138": { "start": { "line": 139, "column": 0 }, "end": { "line": 139, "column": 20 } },
			"139": { "start": { "line": 140, "column": 0 }, "end": { "line": 140, "column": 16 } },
			"140": { "start": { "line": 141, "column": 0 }, "end": { "line": 141, "column": 3 } },
			"141": { "start": { "line": 142, "column": 0 }, "end": { "line": 142, "column": 2 } },
			"142": { "start": { "line": 143, "column": 0 }, "end": { "line": 143, "column": 13 } },
			"143": { "start": { "line": 144, "column": 0 }, "end": { "line": 144, "column": 15 } },
			"144": { "start": { "line": 145, "column": 0 }, "end": { "line": 145, "column": 66 } },
			"145": { "start": { "line": 146, "column": 0 }, "end": { "line": 146, "column": 15 } },
			"146": { "start": { "line": 147, "column": 0 }, "end": { "line": 147, "column": 14 } },
			"147": { "start": { "line": 148, "column": 0 }, "end": { "line": 148, "column": 15 } },
			"148": { "start": { "line": 149, "column": 0 }, "end": { "line": 149, "column": 19 } },
			"149": { "start": { "line": 150, "column": 0 }, "end": { "line": 150, "column": 20 } },
			"150": { "start": { "line": 151, "column": 0 }, "end": { "line": 151, "column": 16 } },
			"151": { "start": { "line": 152, "column": 0 }, "end": { "line": 152, "column": 3 } },
			"152": { "start": { "line": 153, "column": 0 }, "end": { "line": 153, "column": 2 } },
			"153": { "start": { "line": 154, "column": 0 }, "end": { "line": 154, "column": 26 } },
			"154": { "start": { "line": 155, "column": 0 }, "end": { "line": 155, "column": 28 } },
			"155": { "start": { "line": 156, "column": 0 }, "end": { "line": 156, "column": 79 } },
			"156": { "start": { "line": 157, "column": 0 }, "end": { "line": 157, "column": 15 } },
			"157": { "start": { "line": 158, "column": 0 }, "end": { "line": 158, "column": 15 } },
			"158": { "start": { "line": 159, "column": 0 }, "end": { "line": 159, "column": 15 } },
			"159": { "start": { "line": 160, "column": 0 }, "end": { "line": 160, "column": 19 } },
			"160": { "start": { "line": 161, "column": 0 }, "end": { "line": 161, "column": 20 } },
			"161": { "start": { "line": 162, "column": 0 }, "end": { "line": 162, "column": 16 } },
			"162": { "start": { "line": 163, "column": 0 }, "end": { "line": 163, "column": 3 } },
			"163": { "start": { "line": 164, "column": 0 }, "end": { "line": 164, "column": 2 } },
			"164": { "start": { "line": 165, "column": 0 }, "end": { "line": 165, "column": 16 } },
			"165": { "start": { "line": 166, "column": 0 }, "end": { "line": 166, "column": 18 } },
			"166": { "start": { "line": 167, "column": 0 }, "end": { "line": 167, "column": 69 } },
			"167": { "start": { "line": 168, "column": 0 }, "end": { "line": 168, "column": 15 } },
			"168": { "start": { "line": 169, "column": 0 }, "end": { "line": 169, "column": 15 } },
			"169": { "start": { "line": 170, "column": 0 }, "end": { "line": 170, "column": 15 } },
			"170": { "start": { "line": 171, "column": 0 }, "end": { "line": 171, "column": 18 } },
			"171": { "start": { "line": 172, "column": 0 }, "end": { "line": 172, "column": 20 } },
			"172": { "start": { "line": 173, "column": 0 }, "end": { "line": 173, "column": 16 } },
			"173": { "start": { "line": 174, "column": 0 }, "end": { "line": 174, "column": 3 } },
			"174": { "start": { "line": 175, "column": 0 }, "end": { "line": 175, "column": 2 } },
			"175": { "start": { "line": 176, "column": 0 }, "end": { "line": 176, "column": 16 } },
			"176": { "start": { "line": 177, "column": 0 }, "end": { "line": 177, "column": 18 } },
			"177": { "start": { "line": 178, "column": 0 }, "end": { "line": 178, "column": 70 } },
			"178": { "start": { "line": 179, "column": 0 }, "end": { "line": 179, "column": 15 } },
			"179": { "start": { "line": 180, "column": 0 }, "end": { "line": 180, "column": 15 } },
			"180": { "start": { "line": 181, "column": 0 }, "end": { "line": 181, "column": 17 } },
			"181": { "start": { "line": 182, "column": 0 }, "end": { "line": 182, "column": 19 } },
			"182": { "start": { "line": 183, "column": 0 }, "end": { "line": 183, "column": 18 } },
			"183": { "start": { "line": 184, "column": 0 }, "end": { "line": 184, "column": 3 } },
			"184": { "start": { "line": 185, "column": 0 }, "end": { "line": 185, "column": 2 } },
			"185": { "start": { "line": 186, "column": 0 }, "end": { "line": 186, "column": 17 } },
			"186": { "start": { "line": 187, "column": 0 }, "end": { "line": 187, "column": 19 } },
			"187": { "start": { "line": 188, "column": 0 }, "end": { "line": 188, "column": 72 } },
			"188": { "start": { "line": 189, "column": 0 }, "end": { "line": 189, "column": 15 } },
			"189": { "start": { "line": 190, "column": 0 }, "end": { "line": 190, "column": 15 } },
			"190": { "start": { "line": 191, "column": 0 }, "end": { "line": 191, "column": 17 } },
			"191": { "start": { "line": 192, "column": 0 }, "end": { "line": 192, "column": 19 } },
			"192": { "start": { "line": 193, "column": 0 }, "end": { "line": 193, "column": 18 } },
			"193": { "start": { "line": 194, "column": 0 }, "end": { "line": 194, "column": 3 } },
			"194": { "start": { "line": 195, "column": 0 }, "end": { "line": 195, "column": 2 } },
			"195": { "start": { "line": 196, "column": 0 }, "end": { "line": 196, "column": 17 } },
			"196": { "start": { "line": 197, "column": 0 }, "end": { "line": 197, "column": 19 } },
			"197": { "start": { "line": 198, "column": 0 }, "end": { "line": 198, "column": 72 } },
			"198": { "start": { "line": 199, "column": 0 }, "end": { "line": 199, "column": 15 } },
			"199": { "start": { "line": 200, "column": 0 }, "end": { "line": 200, "column": 15 } },
			"200": { "start": { "line": 201, "column": 0 }, "end": { "line": 201, "column": 17 } },
			"201": { "start": { "line": 202, "column": 0 }, "end": { "line": 202, "column": 19 } },
			"202": { "start": { "line": 203, "column": 0 }, "end": { "line": 203, "column": 18 } },
			"203": { "start": { "line": 204, "column": 0 }, "end": { "line": 204, "column": 3 } },
			"204": { "start": { "line": 205, "column": 0 }, "end": { "line": 205, "column": 2 } },
			"205": { "start": { "line": 206, "column": 0 }, "end": { "line": 206, "column": 18 } },
			"206": { "start": { "line": 207, "column": 0 }, "end": { "line": 207, "column": 20 } },
			"207": { "start": { "line": 208, "column": 0 }, "end": { "line": 208, "column": 67 } },
			"208": { "start": { "line": 209, "column": 0 }, "end": { "line": 209, "column": 15 } },
			"209": { "start": { "line": 210, "column": 0 }, "end": { "line": 210, "column": 15 } },
			"210": { "start": { "line": 211, "column": 0 }, "end": { "line": 211, "column": 17 } },
			"211": { "start": { "line": 212, "column": 0 }, "end": { "line": 212, "column": 19 } },
			"212": { "start": { "line": 213, "column": 0 }, "end": { "line": 213, "column": 18 } },
			"213": { "start": { "line": 214, "column": 0 }, "end": { "line": 214, "column": 3 } },
			"214": { "start": { "line": 215, "column": 0 }, "end": { "line": 215, "column": 2 } },
			"215": { "start": { "line": 216, "column": 0 }, "end": { "line": 216, "column": 15 } },
			"216": { "start": { "line": 217, "column": 0 }, "end": { "line": 217, "column": 17 } },
			"217": { "start": { "line": 218, "column": 0 }, "end": { "line": 218, "column": 67 } },
			"218": { "start": { "line": 219, "column": 0 }, "end": { "line": 219, "column": 15 } },
			"219": { "start": { "line": 220, "column": 0 }, "end": { "line": 220, "column": 15 } },
			"220": { "start": { "line": 221, "column": 0 }, "end": { "line": 221, "column": 17 } },
			"221": { "start": { "line": 222, "column": 0 }, "end": { "line": 222, "column": 19 } },
			"222": { "start": { "line": 223, "column": 0 }, "end": { "line": 223, "column": 18 } },
			"223": { "start": { "line": 224, "column": 0 }, "end": { "line": 224, "column": 3 } },
			"224": { "start": { "line": 225, "column": 0 }, "end": { "line": 225, "column": 2 } },
			"225": { "start": { "line": 226, "column": 0 }, "end": { "line": 226, "column": 14 } },
			"226": { "start": { "line": 227, "column": 0 }, "end": { "line": 227, "column": 16 } },
			"227": { "start": { "line": 228, "column": 0 }, "end": { "line": 228, "column": 64 } },
			"228": { "start": { "line": 229, "column": 0 }, "end": { "line": 229, "column": 15 } },
			"229": { "start": { "line": 230, "column": 0 }, "end": { "line": 230, "column": 15 } },
			"230": { "start": { "line": 231, "column": 0 }, "end": { "line": 231, "column": 15 } },
			"231": { "start": { "line": 232, "column": 0 }, "end": { "line": 232, "column": 19 } },
			"232": { "start": { "line": 233, "column": 0 }, "end": { "line": 233, "column": 16 } },
			"233": { "start": { "line": 234, "column": 0 }, "end": { "line": 234, "column": 3 } },
			"234": { "start": { "line": 235, "column": 0 }, "end": { "line": 235, "column": 2 } },
			"235": { "start": { "line": 236, "column": 0 }, "end": { "line": 236, "column": 18 } },
			"236": { "start": { "line": 237, "column": 0 }, "end": { "line": 237, "column": 20 } },
			"237": { "start": { "line": 238, "column": 0 }, "end": { "line": 238, "column": 71 } },
			"238": { "start": { "line": 239, "column": 0 }, "end": { "line": 239, "column": 15 } },
			"239": { "start": { "line": 240, "column": 0 }, "end": { "line": 240, "column": 15 } },
			"240": { "start": { "line": 241, "column": 0 }, "end": { "line": 241, "column": 15 } },
			"241": { "start": { "line": 242, "column": 0 }, "end": { "line": 242, "column": 19 } },
			"242": { "start": { "line": 243, "column": 0 }, "end": { "line": 243, "column": 16 } },
			"243": { "start": { "line": 244, "column": 0 }, "end": { "line": 244, "column": 3 } },
			"246": { "start": { "line": 247, "column": 0 }, "end": { "line": 247, "column": 2 } },
			"247": { "start": { "line": 248, "column": 0 }, "end": { "line": 248, "column": 27 } },
			"248": { "start": { "line": 249, "column": 0 }, "end": { "line": 249, "column": 29 } },
			"249": { "start": { "line": 250, "column": 0 }, "end": { "line": 250, "column": 82 } },
			"250": { "start": { "line": 251, "column": 0 }, "end": { "line": 251, "column": 15 } },
			"251": { "start": { "line": 252, "column": 0 }, "end": { "line": 252, "column": 15 } },
			"252": { "start": { "line": 253, "column": 0 }, "end": { "line": 253, "column": 18 } },
			"253": { "start": { "line": 254, "column": 0 }, "end": { "line": 254, "column": 19 } },
			"254": { "start": { "line": 255, "column": 0 }, "end": { "line": 255, "column": 32 } },
			"255": { "start": { "line": 256, "column": 0 }, "end": { "line": 256, "column": 3 } },
			"256": { "start": { "line": 257, "column": 0 }, "end": { "line": 257, "column": 2 } },
			"257": { "start": { "line": 258, "column": 0 }, "end": { "line": 258, "column": 24 } },
			"258": { "start": { "line": 259, "column": 0 }, "end": { "line": 259, "column": 26 } },
			"259": { "start": { "line": 260, "column": 0 }, "end": { "line": 260, "column": 77 } },
			"260": { "start": { "line": 261, "column": 0 }, "end": { "line": 261, "column": 15 } },
			"261": { "start": { "line": 262, "column": 0 }, "end": { "line": 262, "column": 15 } },
			"262": { "start": { "line": 263, "column": 0 }, "end": { "line": 263, "column": 19 } },
			"263": { "start": { "line": 264, "column": 0 }, "end": { "line": 264, "column": 19 } },
			"264": { "start": { "line": 265, "column": 0 }, "end": { "line": 265, "column": 32 } },
			"265": { "start": { "line": 266, "column": 0 }, "end": { "line": 266, "column": 3 } },
			"266": { "start": { "line": 267, "column": 0 }, "end": { "line": 267, "column": 2 } },
			"267": { "start": { "line": 268, "column": 0 }, "end": { "line": 268, "column": 23 } },
			"268": { "start": { "line": 269, "column": 0 }, "end": { "line": 269, "column": 25 } },
			"269": { "start": { "line": 270, "column": 0 }, "end": { "line": 270, "column": 78 } },
			"270": { "start": { "line": 271, "column": 0 }, "end": { "line": 271, "column": 15 } },
			"271": { "start": { "line": 272, "column": 0 }, "end": { "line": 272, "column": 15 } },
			"272": { "start": { "line": 273, "column": 0 }, "end": { "line": 273, "column": 18 } },
			"273": { "start": { "line": 274, "column": 0 }, "end": { "line": 274, "column": 19 } },
			"274": { "start": { "line": 275, "column": 0 }, "end": { "line": 275, "column": 30 } },
			"275": { "start": { "line": 276, "column": 0 }, "end": { "line": 276, "column": 3 } },
			"276": { "start": { "line": 277, "column": 0 }, "end": { "line": 277, "column": 2 } },
			"277": { "start": { "line": 278, "column": 0 }, "end": { "line": 278, "column": 30 } },
			"278": { "start": { "line": 279, "column": 0 }, "end": { "line": 279, "column": 23 } },
			"279": { "start": { "line": 280, "column": 0 }, "end": { "line": 280, "column": 91 } },
			"280": { "start": { "line": 281, "column": 0 }, "end": { "line": 281, "column": 15 } },
			"281": { "start": { "line": 282, "column": 0 }, "end": { "line": 282, "column": 15 } },
			"282": { "start": { "line": 283, "column": 0 }, "end": { "line": 283, "column": 18 } },
			"283": { "start": { "line": 284, "column": 0 }, "end": { "line": 284, "column": 19 } },
			"284": { "start": { "line": 285, "column": 0 }, "end": { "line": 285, "column": 30 } },
			"285": { "start": { "line": 286, "column": 0 }, "end": { "line": 286, "column": 3 } },
			"286": { "start": { "line": 287, "column": 0 }, "end": { "line": 287, "column": 2 } },
			"287": { "start": { "line": 288, "column": 0 }, "end": { "line": 288, "column": 19 } },
			"288": { "start": { "line": 289, "column": 0 }, "end": { "line": 289, "column": 20 } },
			"289": { "start": { "line": 290, "column": 0 }, "end": { "line": 290, "column": 73 } },
			"290": { "start": { "line": 291, "column": 0 }, "end": { "line": 291, "column": 15 } },
			"291": { "start": { "line": 292, "column": 0 }, "end": { "line": 292, "column": 15 } },
			"292": { "start": { "line": 293, "column": 0 }, "end": { "line": 293, "column": 19 } },
			"293": { "start": { "line": 294, "column": 0 }, "end": { "line": 294, "column": 19 } },
			"294": { "start": { "line": 295, "column": 0 }, "end": { "line": 295, "column": 32 } },
			"295": { "start": { "line": 296, "column": 0 }, "end": { "line": 296, "column": 3 } },
			"296": { "start": { "line": 297, "column": 0 }, "end": { "line": 297, "column": 2 } },
			"297": { "start": { "line": 298, "column": 0 }, "end": { "line": 298, "column": 27 } },
			"298": { "start": { "line": 299, "column": 0 }, "end": { "line": 299, "column": 29 } },
			"299": { "start": { "line": 300, "column": 0 }, "end": { "line": 300, "column": 82 } },
			"300": { "start": { "line": 301, "column": 0 }, "end": { "line": 301, "column": 15 } },
			"301": { "start": { "line": 302, "column": 0 }, "end": { "line": 302, "column": 15 } },
			"302": { "start": { "line": 303, "column": 0 }, "end": { "line": 303, "column": 19 } },
			"303": { "start": { "line": 304, "column": 0 }, "end": { "line": 304, "column": 19 } },
			"304": { "start": { "line": 305, "column": 0 }, "end": { "line": 305, "column": 28 } },
			"305": { "start": { "line": 306, "column": 0 }, "end": { "line": 306, "column": 2 } },
			"307": { "start": { "line": 308, "column": 0 }, "end": { "line": 308, "column": 2 } }
		},
		"s": {
			"16": 1,
			"18": 1,
			"19": 1,
			"20": 1,
			"21": 1,
			"22": 1,
			"23": 1,
			"24": 1,
			"25": 1,
			"26": 1,
			"27": 1,
			"28": 1,
			"29": 1,
			"30": 1,
			"31": 1,
			"32": 1,
			"33": 1,
			"34": 1,
			"35": 1,
			"36": 1,
			"37": 1,
			"38": 1,
			"39": 1,
			"40": 1,
			"41": 1,
			"42": 1,
			"43": 1,
			"44": 1,
			"45": 1,
			"46": 1,
			"47": 1,
			"48": 1,
			"49": 1,
			"50": 1,
			"51": 1,
			"52": 1,
			"53": 1,
			"54": 1,
			"55": 1,
			"56": 1,
			"57": 1,
			"58": 1,
			"59": 1,
			"60": 1,
			"61": 1,
			"62": 1,
			"63": 1,
			"64": 1,
			"65": 1,
			"66": 1,
			"67": 1,
			"68": 1,
			"69": 1,
			"70": 1,
			"71": 1,
			"72": 1,
			"73": 1,
			"74": 1,
			"75": 1,
			"76": 1,
			"77": 1,
			"78": 1,
			"79": 1,
			"80": 1,
			"81": 1,
			"82": 1,
			"83": 1,
			"84": 1,
			"85": 1,
			"86": 1,
			"87": 1,
			"88": 1,
			"89": 1,
			"90": 1,
			"91": 1,
			"92": 1,
			"93": 1,
			"94": 1,
			"95": 1,
			"96": 1,
			"97": 1,
			"98": 1,
			"99": 1,
			"100": 1,
			"101": 1,
			"102": 1,
			"103": 1,
			"104": 1,
			"105": 1,
			"106": 1,
			"107": 1,
			"108": 1,
			"109": 1,
			"110": 1,
			"111": 1,
			"112": 1,
			"113": 1,
			"114": 1,
			"115": 1,
			"116": 1,
			"117": 1,
			"118": 1,
			"119": 1,
			"120": 1,
			"121": 1,
			"122": 1,
			"123": 1,
			"124": 1,
			"125": 1,
			"126": 1,
			"127": 1,
			"130": 1,
			"131": 1,
			"132": 1,
			"133": 1,
			"134": 1,
			"135": 1,
			"136": 1,
			"137": 1,
			"138": 1,
			"139": 1,
			"140": 1,
			"141": 1,
			"142": 1,
			"143": 1,
			"144": 1,
			"145": 1,
			"146": 1,
			"147": 1,
			"148": 1,
			"149": 1,
			"150": 1,
			"151": 1,
			"152": 1,
			"153": 1,
			"154": 1,
			"155": 1,
			"156": 1,
			"157": 1,
			"158": 1,
			"159": 1,
			"160": 1,
			"161": 1,
			"162": 1,
			"163": 1,
			"164": 1,
			"165": 1,
			"166": 1,
			"167": 1,
			"168": 1,
			"169": 1,
			"170": 1,
			"171": 1,
			"172": 1,
			"173": 1,
			"174": 1,
			"175": 1,
			"176": 1,
			"177": 1,
			"178": 1,
			"179": 1,
			"180": 1,
			"181": 1,
			"182": 1,
			"183": 1,
			"184": 1,
			"185": 1,
			"186": 1,
			"187": 1,
			"188": 1,
			"189": 1,
			"190": 1,
			"191": 1,
			"192": 1,
			"193": 1,
			"194": 1,
			"195": 1,
			"196": 1,
			"197": 1,
			"198": 1,
			"199": 1,
			"200": 1,
			"201": 1,
			"202": 1,
			"203": 1,
			"204": 1,
			"205": 1,
			"206": 1,
			"207": 1,
			"208": 1,
			"209": 1,
			"210": 1,
			"211": 1,
			"212": 1,
			"213": 1,
			"214": 1,
			"215": 1,
			"216": 1,
			"217": 1,
			"218": 1,
			"219": 1,
			"220": 1,
			"221": 1,
			"222": 1,
			"223": 1,
			"224": 1,
			"225": 1,
			"226": 1,
			"227": 1,
			"228": 1,
			"229": 1,
			"230": 1,
			"231": 1,
			"232": 1,
			"233": 1,
			"234": 1,
			"235": 1,
			"236": 1,
			"237": 1,
			"238": 1,
			"239": 1,
			"240": 1,
			"241": 1,
			"242": 1,
			"243": 1,
			"246": 1,
			"247": 1,
			"248": 1,
			"249": 1,
			"250": 1,
			"251": 1,
			"252": 1,
			"253": 1,
			"254": 1,
			"255": 1,
			"256": 1,
			"257": 1,
			"258": 1,
			"259": 1,
			"260": 1,
			"261": 1,
			"262": 1,
			"263": 1,
			"264": 1,
			"265": 1,
			"266": 1,
			"267": 1,
			"268": 1,
			"269": 1,
			"270": 1,
			"271": 1,
			"272": 1,
			"273": 1,
			"274": 1,
			"275": 1,
			"276": 1,
			"277": 1,
			"278": 1,
			"279": 1,
			"280": 1,
			"281": 1,
			"282": 1,
			"283": 1,
			"284": 1,
			"285": 1,
			"286": 1,
			"287": 1,
			"288": 1,
			"289": 1,
			"290": 1,
			"291": 1,
			"292": 1,
			"293": 1,
			"294": 1,
			"295": 1,
			"296": 1,
			"297": 1,
			"298": 1,
			"299": 1,
			"300": 1,
			"301": 1,
			"302": 1,
			"303": 1,
			"304": 1,
			"305": 1,
			"307": 1
		},
		"branchMap": {},
		"b": {},
		"fnMap": {},
		"f": {}
	},
	"/workspaces/sveltekit-test/src/routes/+layout.svelte": {
		"path": "/workspaces/sveltekit-test/src/routes/+layout.svelte",
		"all": true,
		"statementMap": {},
		"s": {},
		"branchMap": {
			"0": {
				"type": "branch",
				"line": 1,
				"loc": { "start": { "line": 1, "column": 50 }, "end": { "line": 5, "column": 8 } },
				"locations": [{ "start": { "line": 1, "column": 50 }, "end": { "line": 5, "column": 8 } }]
			}
		},
		"b": { "0": [1] },
		"fnMap": {
			"0": {
				"name": "(empty-report)",
				"decl": { "start": { "line": 1, "column": 50 }, "end": { "line": 5, "column": 8 } },
				"loc": { "start": { "line": 1, "column": 50 }, "end": { "line": 5, "column": 8 } },
				"line": 1
			}
		},
		"f": { "0": 1 }
	},
	"/workspaces/sveltekit-test/src/routes/+page.svelte": {
		"path": "/workspaces/sveltekit-test/src/routes/+page.svelte",
		"all": true,
		"statementMap": {},
		"s": {},
		"branchMap": {
			"0": {
				"type": "branch",
				"line": 1,
				"loc": { "start": { "line": 1, "column": 175 }, "end": { "line": 9, "column": 16 } },
				"locations": [{ "start": { "line": 1, "column": 175 }, "end": { "line": 9, "column": 16 } }]
			}
		},
		"b": { "0": [1] },
		"fnMap": {
			"0": {
				"name": "(empty-report)",
				"decl": { "start": { "line": 1, "column": 175 }, "end": { "line": 9, "column": 16 } },
				"loc": { "start": { "line": 1, "column": 175 }, "end": { "line": 9, "column": 16 } },
				"line": 1
			}
		},
		"f": { "0": 1 }
	},
	"/workspaces/sveltekit-test/src/routes/+page.ts": {
		"path": "/workspaces/sveltekit-test/src/routes/+page.ts",
		"all": true,
		"statementMap": {
			"0": { "start": { "line": 1, "column": 0 }, "end": { "line": 1, "column": 77 } },
			"2": { "start": { "line": 3, "column": 0 }, "end": { "line": 3, "column": 24 } },
			"3": { "start": { "line": 4, "column": 0 }, "end": { "line": 4, "column": 9 } },
			"4": { "start": { "line": 5, "column": 0 }, "end": { "line": 5, "column": 26 } },
			"5": { "start": { "line": 6, "column": 0 }, "end": { "line": 6, "column": 3 } },
			"6": { "start": { "line": 7, "column": 0 }, "end": { "line": 7, "column": 1 } }
		},
		"s": { "0": 0, "2": 0, "3": 0, "4": 0, "5": 0, "6": 0 },
		"branchMap": {
			"0": {
				"type": "branch",
				"line": 1,
				"loc": { "start": { "line": 1, "column": 146 }, "end": { "line": 7, "column": 1 } },
				"locations": [{ "start": { "line": 1, "column": 146 }, "end": { "line": 7, "column": 1 } }]
			}
		},
		"b": { "0": [0] },
		"fnMap": {
			"0": {
				"name": "(empty-report)",
				"decl": { "start": { "line": 1, "column": 146 }, "end": { "line": 7, "column": 1 } },
				"loc": { "start": { "line": 1, "column": 146 }, "end": { "line": 7, "column": 1 } },
				"line": 1
			}
		},
		"f": { "0": 0 }
	}
}
